[debug] SCRIPT_DIR=<unset>
[train] No checkpoint at /scratch/gilbreth/yu1331/ckpts/mnist_causaldae/latest.pt, start fresh
[train] CKPT_ROOT=/scratch/gilbreth/yu1331/ckpts/mnist_causaldae
[train] save_interval=500
[train] Running:
 srun -n 1 python ./scripts/image_train.py --data_dir ./datasets/morphomnist --n_vars 2 --in_channels 1 --image_size 28 --num_channels 128 --num_res_blocks 3 --causal_modeling True --learn_sigma False --class_cond True --rep_cond True --flow_based False --masking True --diffusion_steps 1000 --noise_schedule linear --rescale_learned_sigmas False --rescale_timesteps False --lr 1e-5 --batch_size 16 --save_interval 500 --use_checkpoint True
--------------------------------------------------------------------------
A requested component was not found, or was unable to be opened.  This
means that this component is either not installed or is unable to be
used on your system (e.g., sometimes this means that shared libraries
that the component requires are unable to be found/loaded).  Note that
PMIx stopped checking at the first component that it did not find.

Host:      gilbreth-h014.rcac.purdue.edu
Framework: psec
Component: munge
--------------------------------------------------------------------------
--------------------------------------------------------------------------
A requested component was not found, or was unable to be opened.  This
means that this component is either not installed or is unable to be
used on your system (e.g., sometimes this means that shared libraries
that the component requires are unable to be found/loaded).  Note that
PMIx stopped checking at the first component that it did not find.

Host:      gilbreth-h014.rcac.purdue.edu
Framework: psec
Component: munge
--------------------------------------------------------------------------
Logging to ../results/circuit/causaldiffae_masked
creating model and diffusion...
creating data loader...
training...
-------------------------
| grad_norm  | 9.63     |
| kld_rep    | 1.2e+03  |
| kld_rep_q0 | 1.2e+03  |
| kld_rep_q1 | 1.2e+03  |
| kld_rep_q2 | 1.2e+03  |
| kld_rep_q3 | 1.2e+03  |
| loss       | 1.01     |
| loss_q0    | 1.02     |
| loss_q1    | 1        |
| loss_q2    | 0.99     |
| loss_q3    | 1.08     |
| mse        | 1.01     |
| mse_q0     | 1.02     |
| mse_q1     | 1        |
| mse_q2     | 0.99     |
| mse_q3     | 1.08     |
| samples    | 16       |
| step       | 0        |
-------------------------
saving model 0...
saving model 0.9999...
-------------------------
| grad_norm  | 9.98     |
| kld_rep    | 1.74e+03 |
| kld_rep_q0 | 1.84e+03 |
| kld_rep_q1 | 1.72e+03 |
| kld_rep_q2 | 1.73e+03 |
| kld_rep_q3 | 1.69e+03 |
| loss       | 1.18     |
| loss_q0    | 1.19     |
| loss_q1    | 1.19     |
| loss_q2    | 1.17     |
| loss_q3    | 1.17     |
| mse        | 0.985    |
| mse_q0     | 0.977    |
| mse_q1     | 0.988    |
| mse_q2     | 0.986    |
| mse_q3     | 0.991    |
| samples    | 176      |
| step       | 10       |
-------------------------
-------------------------
| grad_norm  | 9.84     |
| kld_rep    | 2.04e+03 |
| kld_rep_q0 | 1.94e+03 |
| kld_rep_q1 | 2.18e+03 |
| kld_rep_q2 | 1.89e+03 |
| kld_rep_q3 | 2.13e+03 |
| loss       | 1.58     |
| loss_q0    | 1.55     |
| loss_q1    | 1.63     |
| loss_q2    | 1.52     |
| loss_q3    | 1.61     |
| mse        | 0.957    |
| mse_q0     | 0.972    |
| mse_q1     | 0.938    |
| mse_q2     | 0.951    |
| mse_q3     | 0.964    |
| samples    | 336      |
| step       | 20       |
-------------------------
-------------------------
| grad_norm  | 10       |
| kld_rep    | 1.21e+03 |
| kld_rep_q0 | 1.16e+03 |
| kld_rep_q1 | 1.17e+03 |
| kld_rep_q2 | 1.24e+03 |
| kld_rep_q3 | 1.26e+03 |
| loss       | 1.52     |
| loss_q0    | 1.51     |
| loss_q1    | 1.5      |
| loss_q2    | 1.52     |
| loss_q3    | 1.55     |
| mse        | 0.917    |
| mse_q0     | 0.929    |
| mse_q1     | 0.907    |
| mse_q2     | 0.912    |
| mse_q3     | 0.92     |
| samples    | 496      |
| step       | 30       |
-------------------------
-------------------------
| grad_norm  | 10.1     |
| kld_rep    | 2.12e+03 |
| kld_rep_q0 | 2.29e+03 |
| kld_rep_q1 | 2.15e+03 |
| kld_rep_q2 | 1.97e+03 |
| kld_rep_q3 | 2.04e+03 |
| loss       | 2.34     |
| loss_q0    | 2.47     |
| loss_q1    | 2.33     |
| loss_q2    | 2.25     |
| loss_q3    | 2.31     |
| mse        | 0.883    |
| mse_q0     | 0.893    |
| mse_q1     | 0.871    |
| mse_q2     | 0.891    |
| mse_q3     | 0.881    |
| samples    | 656      |
| step       | 40       |
-------------------------
-------------------------
| grad_norm  | 9.81     |
| kld_rep    | 1.75e+03 |
| kld_rep_q0 | 1.69e+03 |
| kld_rep_q1 | 1.86e+03 |
| kld_rep_q2 | 1.67e+03 |
| kld_rep_q3 | 1.75e+03 |
| loss       | 2.4      |
| loss_q0    | 2.37     |
| loss_q1    | 2.5      |
| loss_q2    | 2.33     |
| loss_q3    | 2.39     |
| mse        | 0.836    |
| mse_q0     | 0.842    |
| mse_q1     | 0.839    |
| mse_q2     | 0.829    |
| mse_q3     | 0.837    |
| samples    | 816      |
| step       | 50       |
-------------------------
-------------------------
| grad_norm  | 9.46     |
| kld_rep    | 2.06e+03 |
| kld_rep_q0 | 2.16e+03 |
| kld_rep_q1 | 2e+03    |
| kld_rep_q2 | 2.02e+03 |
| kld_rep_q3 | 2.03e+03 |
| loss       | 3.08     |
| loss_q0    | 3.22     |
| loss_q1    | 3.02     |
| loss_q2    | 3.02     |
| loss_q3    | 3.05     |
| mse        | 0.799    |
| mse_q0     | 0.821    |
| mse_q1     | 0.791    |
| mse_q2     | 0.79     |
| mse_q3     | 0.793    |
| samples    | 976      |
| step       | 60       |
-------------------------
-------------------------
| grad_norm  | 9.5      |
| kld_rep    | 1.55e+03 |
| kld_rep_q0 | 1.52e+03 |
| kld_rep_q1 | 1.55e+03 |
| kld_rep_q2 | 1.44e+03 |
| kld_rep_q3 | 1.72e+03 |
| loss       | 2.79     |
| loss_q0    | 2.77     |
| loss_q1    | 2.76     |
| loss_q2    | 2.66     |
| loss_q3    | 2.99     |
| mse        | 0.763    |
| mse_q0     | 0.801    |
| mse_q1     | 0.749    |
| mse_q2     | 0.751    |
| mse_q3     | 0.754    |
| samples    | 1.14e+03 |
| step       | 70       |
-------------------------
-------------------------
| grad_norm  | 9.47     |
| kld_rep    | 2.03e+03 |
| kld_rep_q0 | 1.97e+03 |
| kld_rep_q1 | 2.06e+03 |
| kld_rep_q2 | 2.06e+03 |
| kld_rep_q3 | 2.02e+03 |
| loss       | 3.79     |
| loss_q0    | 3.72     |
| loss_q1    | 3.85     |
| loss_q2    | 3.82     |
| loss_q3    | 3.77     |
| mse        | 0.727    |
| mse_q0     | 0.749    |
| mse_q1     | 0.725    |
| mse_q2     | 0.714    |
| mse_q3     | 0.719    |
| samples    | 1.3e+03  |
| step       | 80       |
-------------------------
-------------------------
| grad_norm  | 9.35     |
| kld_rep    | 1.56e+03 |
| kld_rep_q0 | 1.43e+03 |
| kld_rep_q1 | 1.37e+03 |
| kld_rep_q2 | 2.09e+03 |
| kld_rep_q3 | 1.46e+03 |
| loss       | 3.3      |
| loss_q0    | 3.11     |
| loss_q1    | 3.02     |
| loss_q2    | 4.14     |
| loss_q3    | 3.13     |
| mse        | 0.686    |
| mse_q0     | 0.702    |
| mse_q1     | 0.683    |
| mse_q2     | 0.679    |
| mse_q3     | 0.669    |
| samples    | 1.46e+03 |
| step       | 90       |
-------------------------
-------------------------
| grad_norm  | 9.22     |
| kld_rep    | 1.21e+03 |
| kld_rep_q0 | 1.22e+03 |
| kld_rep_q1 | 1.26e+03 |
| kld_rep_q2 | 1.18e+03 |
| kld_rep_q3 | 1.19e+03 |
| loss       | 2.97     |
| loss_q0    | 2.99     |
| loss_q1    | 3.07     |
| loss_q2    | 2.9      |
| loss_q3    | 2.9      |
| mse        | 0.649    |
| mse_q0     | 0.674    |
| mse_q1     | 0.644    |
| mse_q2     | 0.641    |
| mse_q3     | 0.635    |
| samples    | 1.62e+03 |
| step       | 100      |
-------------------------
-------------------------
| grad_norm  | 9.13     |
| kld_rep    | 2.2e+03  |
| kld_rep_q0 | 2.01e+03 |
| kld_rep_q1 | 2.2e+03  |
| kld_rep_q2 | 2.22e+03 |
| kld_rep_q3 | 2.36e+03 |
| loss       | 5.25     |
| loss_q0    | 4.89     |
| loss_q1    | 5.24     |
| loss_q2    | 5.3      |
| loss_q3    | 5.59     |
| mse        | 0.609    |
| mse_q0     | 0.644    |
| mse_q1     | 0.595    |
| mse_q2     | 0.598    |
| mse_q3     | 0.599    |
| samples    | 1.78e+03 |
| step       | 110      |
-------------------------
-------------------------
| grad_norm  | 9.3      |
| kld_rep    | 1.96e+03 |
| kld_rep_q0 | 1.66e+03 |
| kld_rep_q1 | 2.11e+03 |
| kld_rep_q2 | 1.84e+03 |
| kld_rep_q3 | 2.14e+03 |
| loss       | 5.11     |
| loss_q0    | 4.44     |
| loss_q1    | 5.46     |
| loss_q2    | 4.82     |
| loss_q3    | 5.54     |
| mse        | 0.572    |
| mse_q0     | 0.606    |
| mse_q1     | 0.557    |
| mse_q2     | 0.57     |
| mse_q3     | 0.562    |
| samples    | 1.94e+03 |
| step       | 120      |
-------------------------
-------------------------
| grad_norm  | 8.96     |
| kld_rep    | 1.74e+03 |
| kld_rep_q0 | 1.59e+03 |
| kld_rep_q1 | 1.79e+03 |
| kld_rep_q2 | 1.84e+03 |
| kld_rep_q3 | 1.75e+03 |
| loss       | 4.9      |
| loss_q0    | 4.58     |
| loss_q1    | 5        |
| loss_q2    | 5.14     |
| loss_q3    | 4.89     |
| mse        | 0.542    |
| mse_q0     | 0.576    |
| mse_q1     | 0.542    |
| mse_q2     | 0.525    |
| mse_q3     | 0.524    |
| samples    | 2.1e+03  |
| step       | 130      |
-------------------------
-------------------------
| grad_norm  | 8.79     |
| kld_rep    | 1.31e+03 |
| kld_rep_q0 | 1.27e+03 |
| kld_rep_q1 | 1.3e+03  |
| kld_rep_q2 | 1.33e+03 |
| kld_rep_q3 | 1.38e+03 |
| loss       | 4.07     |
| loss_q0    | 3.99     |
| loss_q1    | 4        |
| loss_q2    | 4.09     |
| loss_q3    | 4.25     |
| mse        | 0.519    |
| mse_q0     | 0.557    |
| mse_q1     | 0.492    |
| mse_q2     | 0.506    |
| mse_q3     | 0.508    |
| samples    | 2.26e+03 |
| step       | 140      |
-------------------------
-------------------------
| grad_norm  | 8.58     |
| kld_rep    | 1.24e+03 |
| kld_rep_q0 | 1.3e+03  |
| kld_rep_q1 | 1.15e+03 |
| kld_rep_q2 | 1.24e+03 |
| kld_rep_q3 | 1.26e+03 |
| loss       | 4.1      |
| loss_q0    | 4.33     |
| loss_q1    | 3.84     |
| loss_q2    | 4.07     |
| loss_q3    | 4.15     |
| mse        | 0.495    |
| mse_q0     | 0.546    |
| mse_q1     | 0.477    |
| mse_q2     | 0.486    |
| mse_q3     | 0.466    |
| samples    | 2.42e+03 |
| step       | 150      |
-------------------------
-------------------------
| grad_norm  | 8.75     |
| kld_rep    | 1.79e+03 |
| kld_rep_q0 | 2.03e+03 |
| kld_rep_q1 | 1.43e+03 |
| kld_rep_q2 | 1.91e+03 |
| kld_rep_q3 | 1.6e+03  |
| loss       | 5.99     |
| loss_q0    | 6.78     |
| loss_q1    | 4.92     |
| loss_q2    | 6.35     |
| loss_q3    | 5.4      |
| mse        | 0.452    |
| mse_q0     | 0.478    |
| mse_q1     | 0.444    |
| mse_q2     | 0.437    |
| mse_q3     | 0.445    |
| samples    | 2.58e+03 |
| step       | 160      |
-------------------------
-------------------------
| grad_norm  | 9.6      |
| kld_rep    | 2.63e+03 |
| kld_rep_q0 | 2.6e+03  |
| kld_rep_q1 | 2.34e+03 |
| kld_rep_q2 | 2.58e+03 |
| kld_rep_q3 | 3.02e+03 |
| loss       | 9.08     |
| loss_q0    | 9.01     |
| loss_q1    | 8.14     |
| loss_q2    | 8.9      |
| loss_q3    | 10.4     |
| mse        | 0.43     |
| mse_q0     | 0.462    |
| mse_q1     | 0.423    |
| mse_q2     | 0.416    |
| mse_q3     | 0.412    |
| samples    | 2.74e+03 |
| step       | 170      |
-------------------------
-------------------------
| grad_norm  | 8.73     |
| kld_rep    | 1.74e+03 |
| kld_rep_q0 | 1.87e+03 |
| kld_rep_q1 | 1.49e+03 |
| kld_rep_q2 | 1.69e+03 |
| kld_rep_q3 | 1.96e+03 |
| loss       | 6.51     |
| loss_q0    | 7        |
| loss_q1    | 5.61     |
| loss_q2    | 6.32     |
| loss_q3    | 7.27     |
| mse        | 0.398    |
| mse_q0     | 0.438    |
| mse_q1     | 0.391    |
| mse_q2     | 0.382    |
| mse_q3     | 0.386    |
| samples    | 2.9e+03  |
| step       | 180      |
-------------------------
-------------------------
| grad_norm  | 8.86     |
| kld_rep    | 2.18e+03 |
| kld_rep_q0 | 2.26e+03 |
| kld_rep_q1 | 2.19e+03 |
| kld_rep_q2 | 2.16e+03 |
| kld_rep_q3 | 2.11e+03 |
| loss       | 8.45     |
| loss_q0    | 8.78     |
| loss_q1    | 8.44     |
| loss_q2    | 8.35     |
| loss_q3    | 8.18     |
| mse        | 0.376    |
| mse_q0     | 0.409    |
| mse_q1     | 0.367    |
| mse_q2     | 0.361    |
| mse_q3     | 0.362    |
| samples    | 3.06e+03 |
| step       | 190      |
-------------------------
-------------------------
| grad_norm  | 8.7      |
| kld_rep    | 1.54e+03 |
| kld_rep_q0 | 1.41e+03 |
| kld_rep_q1 | 1.81e+03 |
| kld_rep_q2 | 1.35e+03 |
| kld_rep_q3 | 1.55e+03 |
| loss       | 6.35     |
| loss_q0    | 5.89     |
| loss_q1    | 7.38     |
| loss_q2    | 5.61     |
| loss_q3    | 6.39     |
| mse        | 0.352    |
| mse_q0     | 0.386    |
| mse_q1     | 0.345    |
| mse_q2     | 0.326    |
| mse_q3     | 0.346    |
| samples    | 3.22e+03 |
| step       | 200      |
-------------------------
-------------------------
| grad_norm  | 8.57     |
| kld_rep    | 1.52e+03 |
| kld_rep_q0 | 1.54e+03 |
| kld_rep_q1 | 1.61e+03 |
| kld_rep_q2 | 1.44e+03 |
| kld_rep_q3 | 1.47e+03 |
| loss       | 6.57     |
| loss_q0    | 6.71     |
| loss_q1    | 6.93     |
| loss_q2    | 6.23     |
| loss_q3    | 6.37     |
| mse        | 0.329    |
| mse_q0     | 0.365    |
| mse_q1     | 0.318    |
| mse_q2     | 0.305    |
| mse_q3     | 0.318    |
| samples    | 3.38e+03 |
| step       | 210      |
-------------------------
-------------------------
| grad_norm  | 8.58     |
| kld_rep    | 1.84e+03 |
| kld_rep_q0 | 1.86e+03 |
| kld_rep_q1 | 1.73e+03 |
| kld_rep_q2 | 1.89e+03 |
| kld_rep_q3 | 1.91e+03 |
| loss       | 8.25     |
| loss_q0    | 8.41     |
| loss_q1    | 7.75     |
| loss_q2    | 8.44     |
| loss_q3    | 8.5      |
| mse        | 0.31     |
| mse_q0     | 0.35     |
| mse_q1     | 0.307    |
| mse_q2     | 0.293    |
| mse_q3     | 0.295    |
| samples    | 3.54e+03 |
| step       | 220      |
-------------------------
-------------------------
| grad_norm  | 9.03     |
| kld_rep    | 2.16e+03 |
| kld_rep_q0 | 2.16e+03 |
| kld_rep_q1 | 2.41e+03 |
| kld_rep_q2 | 2.05e+03 |
| kld_rep_q3 | 1.93e+03 |
| loss       | 10       |
| loss_q0    | 10.1     |
| loss_q1    | 11.2     |
| loss_q2    | 9.52     |
| loss_q3    | 8.96     |
| mse        | 0.288    |
| mse_q0     | 0.327    |
| mse_q1     | 0.277    |
| mse_q2     | 0.275    |
| mse_q3     | 0.272    |
| samples    | 3.7e+03  |
| step       | 230      |
-------------------------
-------------------------
| grad_norm  | 9.9      |
| kld_rep    | 1.9e+03  |
| kld_rep_q0 | 2.18e+03 |
| kld_rep_q1 | 1.78e+03 |
| kld_rep_q2 | 1.84e+03 |
| kld_rep_q3 | 1.74e+03 |
| loss       | 9.22     |
| loss_q0    | 10.6     |
| loss_q1    | 8.69     |
| loss_q2    | 8.96     |
| loss_q3    | 8.43     |
| mse        | 0.274    |
| mse_q0     | 0.324    |
| mse_q1     | 0.272    |
| mse_q2     | 0.252    |
| mse_q3     | 0.245    |
| samples    | 3.86e+03 |
| step       | 240      |
-------------------------
-------------------------
| grad_norm  | 9.29     |
| kld_rep    | 1.79e+03 |
| kld_rep_q0 | 1.85e+03 |
| kld_rep_q1 | 1.69e+03 |
| kld_rep_q2 | 1.85e+03 |
| kld_rep_q3 | 1.8e+03  |
| loss       | 9.05     |
| loss_q0    | 9.43     |
| loss_q1    | 8.51     |
| loss_q2    | 9.3      |
| loss_q3    | 9.05     |
| mse        | 0.256    |
| mse_q0     | 0.3      |
| mse_q1     | 0.249    |
| mse_q2     | 0.235    |
| mse_q3     | 0.236    |
| samples    | 4.02e+03 |
| step       | 250      |
-------------------------
-------------------------
| grad_norm  | 8.67     |
| kld_rep    | 1.32e+03 |
| kld_rep_q0 | 1.25e+03 |
| kld_rep_q1 | 1.37e+03 |
| kld_rep_q2 | 1.31e+03 |
| kld_rep_q3 | 1.35e+03 |
| loss       | 6.98     |
| loss_q0    | 6.66     |
| loss_q1    | 7.22     |
| loss_q2    | 6.94     |
| loss_q3    | 7.15     |
| mse        | 0.239    |
| mse_q0     | 0.279    |
| mse_q1     | 0.229    |
| mse_q2     | 0.22     |
| mse_q3     | 0.22     |
| samples    | 4.18e+03 |
| step       | 260      |
-------------------------
-------------------------
| grad_norm  | 11.7     |
| kld_rep    | 2.13e+03 |
| kld_rep_q0 | 2.22e+03 |
| kld_rep_q1 | 2.17e+03 |
| kld_rep_q2 | 2.14e+03 |
| kld_rep_q3 | 1.88e+03 |
| loss       | 11.5     |
| loss_q0    | 12       |
| loss_q1    | 11.7     |
| loss_q2    | 11.6     |
| loss_q3    | 10.2     |
| mse        | 0.227    |
| mse_q0     | 0.267    |
| mse_q1     | 0.211    |
| mse_q2     | 0.213    |
| mse_q3     | 0.21     |
| samples    | 4.34e+03 |
| step       | 270      |
-------------------------
-------------------------
| grad_norm  | 10.1     |
| kld_rep    | 1.77e+03 |
| kld_rep_q0 | 1.71e+03 |
| kld_rep_q1 | 1.72e+03 |
| kld_rep_q2 | 1.7e+03  |
| kld_rep_q3 | 1.94e+03 |
| loss       | 9.99     |
| loss_q0    | 9.71     |
| loss_q1    | 9.7      |
| loss_q2    | 9.59     |
| loss_q3    | 10.9     |
| mse        | 0.214    |
| mse_q0     | 0.252    |
| mse_q1     | 0.202    |
| mse_q2     | 0.197    |
| mse_q3     | 0.195    |
| samples    | 4.5e+03  |
| step       | 280      |
-------------------------
-------------------------
| grad_norm  | 10.2     |
| kld_rep    | 1.45e+03 |
| kld_rep_q0 | 1.38e+03 |
| kld_rep_q1 | 1.53e+03 |
| kld_rep_q2 | 1.42e+03 |
| kld_rep_q3 | 1.48e+03 |
| loss       | 8.51     |
| loss_q0    | 8.16     |
| loss_q1    | 8.93     |
| loss_q2    | 8.3      |
| loss_q3    | 8.65     |
| mse        | 0.196    |
| mse_q0     | 0.243    |
| mse_q1     | 0.19     |
| mse_q2     | 0.182    |
| mse_q3     | 0.18     |
| samples    | 4.66e+03 |
| step       | 290      |
-------------------------
-------------------------
| grad_norm  | 10.4     |
| kld_rep    | 1.5e+03  |
| kld_rep_q0 | 1.62e+03 |
| kld_rep_q1 | 1.37e+03 |
| kld_rep_q2 | 1.64e+03 |
| kld_rep_q3 | 1.35e+03 |
| loss       | 9.09     |
| loss_q0    | 9.83     |
| loss_q1    | 8.31     |
| loss_q2    | 9.9      |
| loss_q3    | 8.12     |
| mse        | 0.192    |
| mse_q0     | 0.243    |
| mse_q1     | 0.18     |
| mse_q2     | 0.169    |
| mse_q3     | 0.169    |
| samples    | 4.82e+03 |
| step       | 300      |
-------------------------
-------------------------
| grad_norm  | 10.4     |
| kld_rep    | 1.7e+03  |
| kld_rep_q0 | 1.72e+03 |
| kld_rep_q1 | 1.7e+03  |
| kld_rep_q2 | 1.76e+03 |
| kld_rep_q3 | 1.64e+03 |
| loss       | 10.6     |
| loss_q0    | 10.8     |
| loss_q1    | 10.6     |
| loss_q2    | 10.9     |
| loss_q3    | 10.2     |
| mse        | 0.171    |
| mse_q0     | 0.214    |
| mse_q1     | 0.165    |
| mse_q2     | 0.155    |
| mse_q3     | 0.157    |
| samples    | 4.98e+03 |
| step       | 310      |
-------------------------
-------------------------
| grad_norm  | 9.16     |
| kld_rep    | 1.34e+03 |
| kld_rep_q0 | 1.36e+03 |
| kld_rep_q1 | 1.23e+03 |
| kld_rep_q2 | 1.4e+03  |
| kld_rep_q3 | 1.37e+03 |
| loss       | 8.63     |
| loss_q0    | 8.82     |
| loss_q1    | 7.92     |
| loss_q2    | 8.98     |
| loss_q3    | 8.8      |
| mse        | 0.167    |
| mse_q0     | 0.203    |
| mse_q1     | 0.156    |
| mse_q2     | 0.148    |
| mse_q3     | 0.148    |
| samples    | 5.14e+03 |
| step       | 320      |
-------------------------
-------------------------
| grad_norm  | 11.8     |
| kld_rep    | 1.56e+03 |
| kld_rep_q0 | 1.44e+03 |
| kld_rep_q1 | 1.5e+03  |
| kld_rep_q2 | 1.65e+03 |
| kld_rep_q3 | 1.62e+03 |
| loss       | 10.3     |
| loss_q0    | 9.54     |
| loss_q1    | 9.89     |
| loss_q2    | 10.9     |
| loss_q3    | 10.6     |
| mse        | 0.151    |
| mse_q0     | 0.2      |
| mse_q1     | 0.147    |
| mse_q2     | 0.132    |
| mse_q3     | 0.135    |
| samples    | 5.3e+03  |
| step       | 330      |
-------------------------
-------------------------
| grad_norm  | 11.9     |
| kld_rep    | 1.73e+03 |
| kld_rep_q0 | 1.52e+03 |
| kld_rep_q1 | 1.7e+03  |
| kld_rep_q2 | 1.75e+03 |
| kld_rep_q3 | 1.98e+03 |
| loss       | 11.8     |
| loss_q0    | 10.4     |
| loss_q1    | 11.5     |
| loss_q2    | 11.9     |
| loss_q3    | 13.5     |
| mse        | 0.151    |
| mse_q0     | 0.206    |
| mse_q1     | 0.141    |
| mse_q2     | 0.128    |
| mse_q3     | 0.128    |
| samples    | 5.46e+03 |
| step       | 340      |
-------------------------
-------------------------
| grad_norm  | 12.8     |
| kld_rep    | 1.67e+03 |
| kld_rep_q0 | 1.58e+03 |
| kld_rep_q1 | 1.67e+03 |
| kld_rep_q2 | 1.8e+03  |
| kld_rep_q3 | 1.69e+03 |
| loss       | 11.7     |
| loss_q0    | 11.1     |
| loss_q1    | 11.7     |
| loss_q2    | 12.6     |
| loss_q3    | 11.8     |
| mse        | 0.141    |
| mse_q0     | 0.183    |
| mse_q1     | 0.13     |
| mse_q2     | 0.117    |
| mse_q3     | 0.114    |
| samples    | 5.62e+03 |
| step       | 350      |
-------------------------
-------------------------
| grad_norm  | 11.6     |
| kld_rep    | 1.59e+03 |
| kld_rep_q0 | 1.52e+03 |
| kld_rep_q1 | 1.63e+03 |
| kld_rep_q2 | 1.67e+03 |
| kld_rep_q3 | 1.51e+03 |
| loss       | 11.4     |
| loss_q0    | 11       |
| loss_q1    | 11.7     |
| loss_q2    | 12       |
| loss_q3    | 10.8     |
| mse        | 0.129    |
| mse_q0     | 0.186    |
| mse_q1     | 0.116    |
| mse_q2     | 0.109    |
| mse_q3     | 0.107    |
| samples    | 5.78e+03 |
| step       | 360      |
-------------------------
-------------------------
| grad_norm  | 12.4     |
| kld_rep    | 1.49e+03 |
| kld_rep_q0 | 1.4e+03  |
| kld_rep_q1 | 1.37e+03 |
| kld_rep_q2 | 1.66e+03 |
| kld_rep_q3 | 1.5e+03  |
| loss       | 11       |
| loss_q0    | 10.4     |
| loss_q1    | 10.1     |
| loss_q2    | 12.2     |
| loss_q3    | 11.1     |
| mse        | 0.125    |
| mse_q0     | 0.174    |
| mse_q1     | 0.111    |
| mse_q2     | 0.103    |
| mse_q3     | 0.102    |
| samples    | 5.94e+03 |
| step       | 370      |
-------------------------
-------------------------
| grad_norm  | 15       |
| kld_rep    | 1.72e+03 |
| kld_rep_q0 | 1.83e+03 |
| kld_rep_q1 | 1.83e+03 |
| kld_rep_q2 | 1.73e+03 |
| kld_rep_q3 | 1.45e+03 |
| loss       | 13       |
| loss_q0    | 13.8     |
| loss_q1    | 13.9     |
| loss_q2    | 13.1     |
| loss_q3    | 11       |
| mse        | 0.111    |
| mse_q0     | 0.168    |
| mse_q1     | 0.102    |
| mse_q2     | 0.0942   |
| mse_q3     | 0.0936   |
| samples    | 6.1e+03  |
| step       | 380      |
-------------------------
-------------------------
| grad_norm  | 15.5     |
| kld_rep    | 1.89e+03 |
| kld_rep_q0 | 1.95e+03 |
| kld_rep_q1 | 1.89e+03 |
| kld_rep_q2 | 1.85e+03 |
| kld_rep_q3 | 1.86e+03 |
| loss       | 14.7     |
| loss_q0    | 15.2     |
| loss_q1    | 14.6     |
| loss_q2    | 14.4     |
| loss_q3    | 14.4     |
| mse        | 0.109    |
| mse_q0     | 0.158    |
| mse_q1     | 0.0923   |
| mse_q2     | 0.0865   |
| mse_q3     | 0.0907   |
| samples    | 6.26e+03 |
| step       | 390      |
-------------------------
-------------------------
| grad_norm  | 11.1     |
| kld_rep    | 1.21e+03 |
| kld_rep_q0 | 1.17e+03 |
| kld_rep_q1 | 1e+03    |
| kld_rep_q2 | 1.46e+03 |
| kld_rep_q3 | 1.16e+03 |
| loss       | 9.71     |
| loss_q0    | 9.45     |
| loss_q1    | 8.01     |
| loss_q2    | 11.7     |
| loss_q3    | 9.26     |
| mse        | 0.0981   |
| mse_q0     | 0.16     |
| mse_q1     | 0.0925   |
| mse_q2     | 0.0819   |
| mse_q3     | 0.0799   |
| samples    | 6.42e+03 |
| step       | 400      |
-------------------------
-------------------------
| grad_norm  | 13.7     |
| kld_rep    | 1.52e+03 |
| kld_rep_q0 | 1.69e+03 |
| kld_rep_q1 | 1.39e+03 |
| kld_rep_q2 | 1.64e+03 |
| kld_rep_q3 | 1.39e+03 |
| loss       | 12.4     |
| loss_q0    | 13.8     |
| loss_q1    | 11.3     |
| loss_q2    | 13.4     |
| loss_q3    | 11.3     |
| mse        | 0.0895   |
| mse_q0     | 0.124    |
| mse_q1     | 0.0857   |
| mse_q2     | 0.0733   |
| mse_q3     | 0.0751   |
| samples    | 6.58e+03 |
| step       | 410      |
-------------------------
-------------------------
| grad_norm  | 14.4     |
| kld_rep    | 1.51e+03 |
| kld_rep_q0 | 1.44e+03 |
| kld_rep_q1 | 1.54e+03 |
| kld_rep_q2 | 1.4e+03  |
| kld_rep_q3 | 1.62e+03 |
| loss       | 12.6     |
| loss_q0    | 12.1     |
| loss_q1    | 12.9     |
| loss_q2    | 11.7     |
| loss_q3    | 13.5     |
| mse        | 0.0844   |
| mse_q0     | 0.123    |
| mse_q1     | 0.0811   |
| mse_q2     | 0.07     |
| mse_q3     | 0.0665   |
| samples    | 6.74e+03 |
| step       | 420      |
-------------------------
-------------------------
| grad_norm  | 16.1     |
| kld_rep    | 1.75e+03 |
| kld_rep_q0 | 1.76e+03 |
| kld_rep_q1 | 1.82e+03 |
| kld_rep_q2 | 1.77e+03 |
| kld_rep_q3 | 1.62e+03 |
| loss       | 14.9     |
| loss_q0    | 15.1     |
| loss_q1    | 15.5     |
| loss_q2    | 15.1     |
| loss_q3    | 13.8     |
| mse        | 0.0819   |
| mse_q0     | 0.126    |
| mse_q1     | 0.0766   |
| mse_q2     | 0.0627   |
| mse_q3     | 0.0601   |
| samples    | 6.9e+03  |
| step       | 430      |
-------------------------
-------------------------
| grad_norm  | 16       |
| kld_rep    | 1.59e+03 |
| kld_rep_q0 | 1.51e+03 |
| kld_rep_q1 | 1.59e+03 |
| kld_rep_q2 | 1.66e+03 |
| kld_rep_q3 | 1.6e+03  |
| loss       | 13.9     |
| loss_q0    | 13.2     |
| loss_q1    | 13.9     |
| loss_q2    | 14.5     |
| loss_q3    | 14       |
| mse        | 0.0739   |
| mse_q0     | 0.106    |
| mse_q1     | 0.0709   |
| mse_q2     | 0.0593   |
| mse_q3     | 0.0566   |
| samples    | 7.06e+03 |
| step       | 440      |
-------------------------
-------------------------
| grad_norm  | 21.5     |
| kld_rep    | 1.85e+03 |
| kld_rep_q0 | 1.79e+03 |
| kld_rep_q1 | 1.94e+03 |
| kld_rep_q2 | 1.95e+03 |
| kld_rep_q3 | 1.72e+03 |
| loss       | 16.6     |
| loss_q0    | 16.1     |
| loss_q1    | 17.3     |
| loss_q2    | 17.4     |
| loss_q3    | 15.4     |
| mse        | 0.0775   |
| mse_q0     | 0.128    |
| mse_q1     | 0.0652   |
| mse_q2     | 0.052    |
| mse_q3     | 0.0537   |
| samples    | 7.22e+03 |
| step       | 450      |
-------------------------
-------------------------
| grad_norm  | 16.4     |
| kld_rep    | 1.34e+03 |
| kld_rep_q0 | 1.22e+03 |
| kld_rep_q1 | 1.44e+03 |
| kld_rep_q2 | 1.17e+03 |
| kld_rep_q3 | 1.56e+03 |
| loss       | 12.2     |
| loss_q0    | 11.2     |
| loss_q1    | 13.1     |
| loss_q2    | 10.7     |
| loss_q3    | 14.2     |
| mse        | 0.0661   |
| mse_q0     | 0.107    |
| mse_q1     | 0.0614   |
| mse_q2     | 0.0512   |
| mse_q3     | 0.049    |
| samples    | 7.38e+03 |
| step       | 460      |
-------------------------
-------------------------
| grad_norm  | 17.6     |
| kld_rep    | 1.65e+03 |
| kld_rep_q0 | 1.62e+03 |
| kld_rep_q1 | 1.79e+03 |
| kld_rep_q2 | 1.45e+03 |
| kld_rep_q3 | 1.76e+03 |
| loss       | 15.5     |
| loss_q0    | 15.2     |
| loss_q1    | 16.7     |
| loss_q2    | 13.5     |
| loss_q3    | 16.5     |
| mse        | 0.0714   |
| mse_q0     | 0.122    |
| mse_q1     | 0.0536   |
| mse_q2     | 0.0455   |
| mse_q3     | 0.046    |
| samples    | 7.54e+03 |
| step       | 470      |
-------------------------
-------------------------
| grad_norm  | 18.6     |
| kld_rep    | 1.52e+03 |
| kld_rep_q0 | 1.42e+03 |
| kld_rep_q1 | 1.58e+03 |
| kld_rep_q2 | 1.52e+03 |
| kld_rep_q3 | 1.55e+03 |
| loss       | 14.5     |
| loss_q0    | 13.7     |
| loss_q1    | 15.1     |
| loss_q2    | 14.5     |
| loss_q3    | 14.8     |
| mse        | 0.0617   |
| mse_q0     | 0.107    |
| mse_q1     | 0.0531   |
| mse_q2     | 0.0442   |
| mse_q3     | 0.043    |
| samples    | 7.7e+03  |
| step       | 480      |
-------------------------
-------------------------
| grad_norm  | 20.7     |
| kld_rep    | 1.57e+03 |
| kld_rep_q0 | 1.66e+03 |
| kld_rep_q1 | 1.67e+03 |
| kld_rep_q2 | 1.59e+03 |
| kld_rep_q3 | 1.35e+03 |
| loss       | 15.4     |
| loss_q0    | 16.2     |
| loss_q1    | 16.3     |
| loss_q2    | 15.5     |
| loss_q3    | 13.2     |
| mse        | 0.0601   |
| mse_q0     | 0.103    |
| mse_q1     | 0.0522   |
| mse_q2     | 0.0431   |
| mse_q3     | 0.0422   |
| samples    | 7.86e+03 |
| step       | 490      |
-------------------------
-------------------------
| grad_norm  | 18.1     |
| kld_rep    | 1.3e+03  |
| kld_rep_q0 | 1.36e+03 |
| kld_rep_q1 | 1.28e+03 |
| kld_rep_q2 | 1.32e+03 |
| kld_rep_q3 | 1.23e+03 |
| loss       | 13       |
| loss_q0    | 13.5     |
| loss_q1    | 12.7     |
| loss_q2    | 13.1     |
| loss_q3    | 12.2     |
| mse        | 0.0581   |
| mse_q0     | 0.101    |
| mse_q1     | 0.0456   |
| mse_q2     | 0.0386   |
| mse_q3     | 0.0363   |
| samples    | 8.02e+03 |
| step       | 500      |
-------------------------
saving model 0...
saving model 0.9999...
-------------------------
| grad_norm  | 13.2     |
| kld_rep    | 900      |
| kld_rep_q0 | 833      |
| kld_rep_q1 | 955      |
| kld_rep_q2 | 935      |
| kld_rep_q3 | 895      |
| loss       | 9.16     |
| loss_q0    | 8.52     |
| loss_q1    | 9.7      |
| loss_q2    | 9.5      |
| loss_q3    | 9.08     |
| mse        | 0.0534   |
| mse_q0     | 0.0908   |
| mse_q1     | 0.0444   |
| mse_q2     | 0.0361   |
| mse_q3     | 0.0336   |
| samples    | 8.18e+03 |
| step       | 510      |
-------------------------
-------------------------
| grad_norm  | 16.6     |
| kld_rep    | 1.15e+03 |
| kld_rep_q0 | 1.11e+03 |
| kld_rep_q1 | 1.19e+03 |
| kld_rep_q2 | 1.13e+03 |
| kld_rep_q3 | 1.14e+03 |
| loss       | 11.9     |
| loss_q0    | 11.6     |
| loss_q1    | 12.3     |
| loss_q2    | 11.7     |
| loss_q3    | 11.8     |
| mse        | 0.0503   |
| mse_q0     | 0.0944   |
| mse_q1     | 0.0446   |
| mse_q2     | 0.0321   |
| mse_q3     | 0.0305   |
| samples    | 8.34e+03 |
| step       | 520      |
-------------------------
-------------------------
| grad_norm  | 21.3     |
| kld_rep    | 1.55e+03 |
| kld_rep_q0 | 1.57e+03 |
| kld_rep_q1 | 1.37e+03 |
| kld_rep_q2 | 1.51e+03 |
| kld_rep_q3 | 1.71e+03 |
| loss       | 16.3     |
| loss_q0    | 16.6     |
| loss_q1    | 14.4     |
| loss_q2    | 15.8     |
| loss_q3    | 18       |
| mse        | 0.0436   |
| mse_q0     | 0.084    |
| mse_q1     | 0.039    |
| mse_q2     | 0.0282   |
| mse_q3     | 0.0285   |
| samples    | 8.5e+03  |
| step       | 530      |
-------------------------
-------------------------
| grad_norm  | 19       |
| kld_rep    | 1.27e+03 |
| kld_rep_q0 | 1.12e+03 |
| kld_rep_q1 | 1.31e+03 |
| kld_rep_q2 | 1.29e+03 |
| kld_rep_q3 | 1.35e+03 |
| loss       | 13.6     |
| loss_q0    | 12       |
| loss_q1    | 14.1     |
| loss_q2    | 13.8     |
| loss_q3    | 14.5     |
| mse        | 0.0406   |
| mse_q0     | 0.0772   |
| mse_q1     | 0.0358   |
| mse_q2     | 0.0264   |
| mse_q3     | 0.0247   |
| samples    | 8.66e+03 |
| step       | 540      |
-------------------------
-------------------------
| grad_norm  | 22.2     |
| kld_rep    | 1.43e+03 |
| kld_rep_q0 | 1.45e+03 |
| kld_rep_q1 | 1.42e+03 |
| kld_rep_q2 | 1.39e+03 |
| kld_rep_q3 | 1.45e+03 |
| loss       | 15.6     |
| loss_q0    | 15.9     |
| loss_q1    | 15.5     |
| loss_q2    | 15.2     |
| loss_q3    | 15.8     |
| mse        | 0.0394   |
| mse_q0     | 0.0833   |
| mse_q1     | 0.0355   |
| mse_q2     | 0.0235   |
| mse_q3     | 0.023    |
| samples    | 8.82e+03 |
| step       | 550      |
-------------------------
-------------------------
| grad_norm  | 18.9     |
| kld_rep    | 1.14e+03 |
| kld_rep_q0 | 1.13e+03 |
| kld_rep_q1 | 1.15e+03 |
| kld_rep_q2 | 1.11e+03 |
| kld_rep_q3 | 1.17e+03 |
| loss       | 12.7     |
| loss_q0    | 12.6     |
| loss_q1    | 12.8     |
| loss_q2    | 12.4     |
| loss_q3    | 13       |
| mse        | 0.0392   |
| mse_q0     | 0.076    |
| mse_q1     | 0.034    |
| mse_q2     | 0.0246   |
| mse_q3     | 0.0223   |
| samples    | 8.98e+03 |
| step       | 560      |
-------------------------
-------------------------
| grad_norm  | 26.1     |
| kld_rep    | 1.59e+03 |
| kld_rep_q0 | 1.59e+03 |
| kld_rep_q1 | 1.72e+03 |
| kld_rep_q2 | 1.43e+03 |
| kld_rep_q3 | 1.65e+03 |
| loss       | 18.1     |
| loss_q0    | 18.1     |
| loss_q1    | 19.5     |
| loss_q2    | 16.2     |
| loss_q3    | 18.7     |
| mse        | 0.0437   |
| mse_q0     | 0.0903   |
| mse_q1     | 0.0328   |
| mse_q2     | 0.0222   |
| mse_q3     | 0.0216   |
| samples    | 9.14e+03 |
| step       | 570      |
-------------------------
-------------------------
| grad_norm  | 23.7     |
| kld_rep    | 1.54e+03 |
| kld_rep_q0 | 1.59e+03 |
| kld_rep_q1 | 1.56e+03 |
| kld_rep_q2 | 1.5e+03  |
| kld_rep_q3 | 1.51e+03 |
| loss       | 17.8     |
| loss_q0    | 18.4     |
| loss_q1    | 18       |
| loss_q2    | 17.3     |
| loss_q3    | 17.4     |
| mse        | 0.0402   |
| mse_q0     | 0.0796   |
| mse_q1     | 0.0336   |
| mse_q2     | 0.0208   |
| mse_q3     | 0.0199   |
| samples    | 9.3e+03  |
| step       | 580      |
-------------------------
-------------------------
| grad_norm  | 19.9     |
| kld_rep    | 1.21e+03 |
| kld_rep_q0 | 1.11e+03 |
| kld_rep_q1 | 1.18e+03 |
| kld_rep_q2 | 1.24e+03 |
| kld_rep_q3 | 1.34e+03 |
| loss       | 14.2     |
| loss_q0    | 13.1     |
| loss_q1    | 13.8     |
| loss_q2    | 14.5     |
| loss_q3    | 15.7     |
| mse        | 0.0383   |
| mse_q0     | 0.079    |
| mse_q1     | 0.031    |
| mse_q2     | 0.0182   |
| mse_q3     | 0.0187   |
| samples    | 9.46e+03 |
| step       | 590      |
-------------------------
-------------------------
| grad_norm  | 21.3     |
| kld_rep    | 1.1e+03  |
| kld_rep_q0 | 1.1e+03  |
| kld_rep_q1 | 1.05e+03 |
| kld_rep_q2 | 1.15e+03 |
| kld_rep_q3 | 1.08e+03 |
| loss       | 13.1     |
| loss_q0    | 13.2     |
| loss_q1    | 12.5     |
| loss_q2    | 13.7     |
| loss_q3    | 12.9     |
| mse        | 0.0342   |
| mse_q0     | 0.0842   |
| mse_q1     | 0.0293   |
| mse_q2     | 0.0177   |
| mse_q3     | 0.0157   |
| samples    | 9.62e+03 |
| step       | 600      |
-------------------------
-------------------------
| grad_norm  | 20.9     |
| kld_rep    | 1.27e+03 |
| kld_rep_q0 | 1.32e+03 |
| kld_rep_q1 | 1.22e+03 |
| kld_rep_q2 | 1.35e+03 |
| kld_rep_q3 | 1.18e+03 |
| loss       | 15.4     |
| loss_q0    | 16.1     |
| loss_q1    | 14.8     |
| loss_q2    | 16.4     |
| loss_q3    | 14.3     |
| mse        | 0.0369   |
| mse_q0     | 0.0939   |
| mse_q1     | 0.0306   |
| mse_q2     | 0.0154   |
| mse_q3     | 0.0146   |
| samples    | 9.78e+03 |
| step       | 610      |
-------------------------
-------------------------
| grad_norm  | 25.6     |
| kld_rep    | 1.51e+03 |
| kld_rep_q0 | 1.55e+03 |
| kld_rep_q1 | 1.43e+03 |
| kld_rep_q2 | 1.65e+03 |
| kld_rep_q3 | 1.39e+03 |
| loss       | 18.7     |
| loss_q0    | 19.1     |
| loss_q1    | 17.7     |
| loss_q2    | 20.3     |
| loss_q3    | 17.2     |
| mse        | 0.037    |
| mse_q0     | 0.0807   |
| mse_q1     | 0.0251   |
| mse_q2     | 0.0148   |
| mse_q3     | 0.0128   |
| samples    | 9.94e+03 |
| step       | 620      |
-------------------------
-------------------------
| grad_norm  | 18.9     |
| kld_rep    | 946      |
| kld_rep_q0 | 948      |
| kld_rep_q1 | 1.02e+03 |
| kld_rep_q2 | 960      |
| kld_rep_q3 | 864      |
| loss       | 11.9     |
| loss_q0    | 12       |
| loss_q1    | 12.8     |
| loss_q2    | 12       |
| loss_q3    | 10.8     |
| mse        | 0.0322   |
| mse_q0     | 0.0712   |
| mse_q1     | 0.0277   |
| mse_q2     | 0.0146   |
| mse_q3     | 0.0129   |
| samples    | 1.01e+04 |
| step       | 630      |
-------------------------
-------------------------
| grad_norm  | 35.6     |
| kld_rep    | 1.65e+03 |
| kld_rep_q0 | 1.53e+03 |
| kld_rep_q1 | 1.65e+03 |
| kld_rep_q2 | 1.69e+03 |
| kld_rep_q3 | 1.76e+03 |
| loss       | 21       |
| loss_q0    | 19.5     |
| loss_q1    | 21.1     |
| loss_q2    | 21.5     |
| loss_q3    | 22.3     |
| mse        | 0.0326   |
| mse_q0     | 0.0694   |
| mse_q1     | 0.0257   |
| mse_q2     | 0.0148   |
| mse_q3     | 0.011    |
| samples    | 1.03e+04 |
| step       | 640      |
-------------------------
-------------------------
| grad_norm  | 25.3     |
| kld_rep    | 1.38e+03 |
| kld_rep_q0 | 1.39e+03 |
| kld_rep_q1 | 1.33e+03 |
| kld_rep_q2 | 1.36e+03 |
| kld_rep_q3 | 1.44e+03 |
| loss       | 17.8     |
| loss_q0    | 18       |
| loss_q1    | 17.3     |
| loss_q2    | 17.6     |
| loss_q3    | 18.6     |
| mse        | 0.0291   |
| mse_q0     | 0.0644   |
| mse_q1     | 0.0229   |
| mse_q2     | 0.0129   |
| mse_q3     | 0.00971  |
| samples    | 1.04e+04 |
| step       | 650      |
-------------------------
-------------------------
| grad_norm  | 22.4     |
| kld_rep    | 1.2e+03  |
| kld_rep_q0 | 1.16e+03 |
| kld_rep_q1 | 966      |
| kld_rep_q2 | 1.34e+03 |
| kld_rep_q3 | 1.33e+03 |
| loss       | 15.8     |
| loss_q0    | 15.3     |
| loss_q1    | 12.7     |
| loss_q2    | 17.5     |
| loss_q3    | 17.4     |
| mse        | 0.0225   |
| mse_q0     | 0.0592   |
| mse_q1     | 0.0219   |
| mse_q2     | 0.0121   |
| mse_q3     | 0.0103   |
| samples    | 1.06e+04 |
| step       | 660      |
-------------------------
-------------------------
| grad_norm  | 32.1     |
| kld_rep    | 1.59e+03 |
| kld_rep_q0 | 1.66e+03 |
| kld_rep_q1 | 1.45e+03 |
| kld_rep_q2 | 1.59e+03 |
| kld_rep_q3 | 1.64e+03 |
| loss       | 21.3     |
| loss_q0    | 22.1     |
| loss_q1    | 19.3     |
| loss_q2    | 21.2     |
| loss_q3    | 21.9     |
| mse        | 0.0276   |
| mse_q0     | 0.0692   |
| mse_q1     | 0.0202   |
| mse_q2     | 0.011    |
| mse_q3     | 0.0095   |
| samples    | 1.07e+04 |
| step       | 670      |
-------------------------
-------------------------
| grad_norm  | 24.3     |
| kld_rep    | 1.43e+03 |
| kld_rep_q0 | 1.44e+03 |
| kld_rep_q1 | 1.47e+03 |
| kld_rep_q2 | 1.39e+03 |
| kld_rep_q3 | 1.4e+03  |
| loss       | 19.3     |
| loss_q0    | 19.5     |
| loss_q1    | 19.9     |
| loss_q2    | 18.8     |
| loss_q3    | 19       |
| mse        | 0.0339   |
| mse_q0     | 0.0841   |
| mse_q1     | 0.0243   |
| mse_q2     | 0.00941  |
| mse_q3     | 0.00801  |
| samples    | 1.09e+04 |
| step       | 680      |
-------------------------
-------------------------
| grad_norm  | 24.4     |
| kld_rep    | 1.02e+03 |
| kld_rep_q0 | 1.04e+03 |
| kld_rep_q1 | 890      |
| kld_rep_q2 | 995      |
| kld_rep_q3 | 1.17e+03 |
| loss       | 14.1     |
| loss_q0    | 14.4     |
| loss_q1    | 12.2     |
| loss_q2    | 13.7     |
| loss_q3    | 16.1     |
| mse        | 0.0258   |
| mse_q0     | 0.0684   |
| mse_q1     | 0.0195   |
| mse_q2     | 0.00928  |
| mse_q3     | 0.00862  |
| samples    | 1.11e+04 |
| step       | 690      |
-------------------------
-------------------------
| grad_norm  | 31.7     |
| kld_rep    | 1.11e+03 |
| kld_rep_q0 | 1.12e+03 |
| kld_rep_q1 | 1.18e+03 |
| kld_rep_q2 | 1.02e+03 |
| kld_rep_q3 | 1.1e+03  |
| loss       | 15.5     |
| loss_q0    | 15.7     |
| loss_q1    | 16.5     |
| loss_q2    | 14.2     |
| loss_q3    | 15.3     |
| mse        | 0.0273   |
| mse_q0     | 0.0638   |
| mse_q1     | 0.0191   |
| mse_q2     | 0.00868  |
| mse_q3     | 0.00784  |
| samples    | 1.12e+04 |
| step       | 700      |
-------------------------
-------------------------
| grad_norm  | 29.7     |
| kld_rep    | 1.09e+03 |
| kld_rep_q0 | 1.04e+03 |
| kld_rep_q1 | 1.2e+03  |
| kld_rep_q2 | 1.12e+03 |
| kld_rep_q3 | 991      |
| loss       | 15.3     |
| loss_q0    | 14.8     |
| loss_q1    | 16.9     |
| loss_q2    | 15.8     |
| loss_q3    | 14       |
| mse        | 0.0276   |
| mse_q0     | 0.0711   |
| mse_q1     | 0.0183   |
| mse_q2     | 0.00932  |
| mse_q3     | 0.00707  |
| samples    | 1.14e+04 |
| step       | 710      |
-------------------------
-------------------------
| grad_norm  | 31.2     |
| kld_rep    | 1.23e+03 |
| kld_rep_q0 | 1.29e+03 |
| kld_rep_q1 | 1.25e+03 |
| kld_rep_q2 | 1.24e+03 |
| kld_rep_q3 | 1.15e+03 |
| loss       | 17.7     |
| loss_q0    | 18.5     |
| loss_q1    | 17.9     |
| loss_q2    | 17.7     |
| loss_q3    | 16.4     |
| mse        | 0.0253   |
| mse_q0     | 0.0596   |
| mse_q1     | 0.0201   |
| mse_q2     | 0.00781  |
| mse_q3     | 0.00667  |
| samples    | 1.15e+04 |
| step       | 720      |
-------------------------
-------------------------
| grad_norm  | 24.4     |
| kld_rep    | 1.11e+03 |
| kld_rep_q0 | 1.11e+03 |
| kld_rep_q1 | 1.15e+03 |
| kld_rep_q2 | 991      |
| kld_rep_q3 | 1.19e+03 |
| loss       | 16.2     |
| loss_q0    | 16.2     |
| loss_q1    | 16.7     |
| loss_q2    | 14.4     |
| loss_q3    | 17.3     |
| mse        | 0.0298   |
| mse_q0     | 0.0783   |
| mse_q1     | 0.0206   |
| mse_q2     | 0.00712  |
| mse_q3     | 0.00681  |
| samples    | 1.17e+04 |
| step       | 730      |
-------------------------
-------------------------
| grad_norm  | 35.7     |
| kld_rep    | 1.37e+03 |
| kld_rep_q0 | 1.44e+03 |
| kld_rep_q1 | 1.41e+03 |
| kld_rep_q2 | 1.33e+03 |
| kld_rep_q3 | 1.32e+03 |
| loss       | 20.1     |
| loss_q0    | 21.2     |
| loss_q1    | 20.7     |
| loss_q2    | 19.5     |
| loss_q3    | 19.4     |
| mse        | 0.0216   |
| mse_q0     | 0.0659   |
| mse_q1     | 0.0187   |
| mse_q2     | 0.0073   |
| mse_q3     | 0.0059   |
| samples    | 1.19e+04 |
| step       | 740      |
-------------------------
-------------------------
| grad_norm  | 27.4     |
| kld_rep    | 1.09e+03 |
| kld_rep_q0 | 1.2e+03  |
| kld_rep_q1 | 1.08e+03 |
| kld_rep_q2 | 1.06e+03 |
| kld_rep_q3 | 998      |
| loss       | 16.3     |
| loss_q0    | 18       |
| loss_q1    | 16.2     |
| loss_q2    | 15.8     |
| loss_q3    | 14.9     |
| mse        | 0.0236   |
| mse_q0     | 0.0638   |
| mse_q1     | 0.0177   |
| mse_q2     | 0.0074   |
| mse_q3     | 0.00682  |
| samples    | 1.2e+04  |
| step       | 750      |
-------------------------
-------------------------
| grad_norm  | 28.7     |
| kld_rep    | 1.16e+03 |
| kld_rep_q0 | 1.3e+03  |
| kld_rep_q1 | 1.04e+03 |
| kld_rep_q2 | 1.15e+03 |
| kld_rep_q3 | 1.18e+03 |
| loss       | 17.6     |
| loss_q0    | 19.7     |
| loss_q1    | 15.8     |
| loss_q2    | 17.4     |
| loss_q3    | 17.8     |
| mse        | 0.0226   |
| mse_q0     | 0.0676   |
| mse_q1     | 0.0196   |
| mse_q2     | 0.0063   |
| mse_q3     | 0.00516  |
| samples    | 1.22e+04 |
| step       | 760      |
-------------------------
-------------------------
| grad_norm  | 34.5     |
| kld_rep    | 1.52e+03 |
| kld_rep_q0 | 1.47e+03 |
| kld_rep_q1 | 1.53e+03 |
| kld_rep_q2 | 1.56e+03 |
| kld_rep_q3 | 1.51e+03 |
| loss       | 23.2     |
| loss_q0    | 22.5     |
| loss_q1    | 23.4     |
| loss_q2    | 23.9     |
| loss_q3    | 23.1     |
| mse        | 0.0219   |
| mse_q0     | 0.0597   |
| mse_q1     | 0.0182   |
| mse_q2     | 0.00669  |
| mse_q3     | 0.00546  |
| samples    | 1.23e+04 |
| step       | 770      |
-------------------------
-------------------------
| grad_norm  | 28.7     |
| kld_rep    | 1.04e+03 |
| kld_rep_q0 | 992      |
| kld_rep_q1 | 1.14e+03 |
| kld_rep_q2 | 1.02e+03 |
| kld_rep_q3 | 1.03e+03 |
| loss       | 16.2     |
| loss_q0    | 15.4     |
| loss_q1    | 17.8     |
| loss_q2    | 15.9     |
| loss_q3    | 15.9     |
| mse        | 0.0195   |
| mse_q0     | 0.054    |
| mse_q1     | 0.0177   |
| mse_q2     | 0.00614  |
| mse_q3     | 0.00442  |
| samples    | 1.25e+04 |
| step       | 780      |
-------------------------
-------------------------
| grad_norm  | 28.3     |
| kld_rep    | 1.07e+03 |
| kld_rep_q0 | 1.1e+03  |
| kld_rep_q1 | 955      |
| kld_rep_q2 | 1.06e+03 |
| kld_rep_q3 | 1.16e+03 |
| loss       | 16.9     |
| loss_q0    | 17.4     |
| loss_q1    | 15       |
| loss_q2    | 16.6     |
| loss_q3    | 18.3     |
| mse        | 0.0243   |
| mse_q0     | 0.0694   |
| mse_q1     | 0.0173   |
| mse_q2     | 0.00572  |
| mse_q3     | 0.00441  |
| samples    | 1.27e+04 |
| step       | 790      |
-------------------------
-------------------------
| grad_norm  | 31.7     |
| kld_rep    | 1.4e+03  |
| kld_rep_q0 | 1.46e+03 |
| kld_rep_q1 | 1.34e+03 |
| kld_rep_q2 | 1.45e+03 |
| kld_rep_q3 | 1.35e+03 |
| loss       | 22.3     |
| loss_q0    | 23.3     |
| loss_q1    | 21.3     |
| loss_q2    | 23.1     |
| loss_q3    | 21.5     |
| mse        | 0.0195   |
| mse_q0     | 0.0568   |
| mse_q1     | 0.0173   |
| mse_q2     | 0.00523  |
| mse_q3     | 0.00466  |
| samples    | 1.28e+04 |
| step       | 800      |
-------------------------
-------------------------
| grad_norm  | 39.1     |
| kld_rep    | 1.36e+03 |
| kld_rep_q0 | 1.4e+03  |
| kld_rep_q1 | 1.36e+03 |
| kld_rep_q2 | 1.31e+03 |
| kld_rep_q3 | 1.36e+03 |
| loss       | 21.9     |
| loss_q0    | 22.7     |
| loss_q1    | 21.9     |
| loss_q2    | 21.1     |
| loss_q3    | 21.9     |
| mse        | 0.0224   |
| mse_q0     | 0.0606   |
| mse_q1     | 0.0193   |
| mse_q2     | 0.00513  |
| mse_q3     | 0.00469  |
| samples    | 1.3e+04  |
| step       | 810      |
-------------------------
-------------------------
| grad_norm  | 29.7     |
| kld_rep    | 1e+03    |
| kld_rep_q0 | 1e+03    |
| kld_rep_q1 | 986      |
| kld_rep_q2 | 897      |
| kld_rep_q3 | 1.14e+03 |
| loss       | 16.4     |
| loss_q0    | 16.4     |
| loss_q1    | 16.1     |
| loss_q2    | 14.6     |
| loss_q3    | 18.5     |
| mse        | 0.022    |
| mse_q0     | 0.0611   |
| mse_q1     | 0.0172   |
| mse_q2     | 0.00492  |
| mse_q3     | 0.0035   |
| samples    | 1.31e+04 |
| step       | 820      |
-------------------------
-------------------------
| grad_norm  | 40.2     |
| kld_rep    | 1.5e+03  |
| kld_rep_q0 | 1.68e+03 |
| kld_rep_q1 | 1.49e+03 |
| kld_rep_q2 | 1.41e+03 |
| kld_rep_q3 | 1.47e+03 |
| loss       | 24.9     |
| loss_q0    | 27.8     |
| loss_q1    | 24.6     |
| loss_q2    | 23.4     |
| loss_q3    | 24.2     |
| mse        | 0.0198   |
| mse_q0     | 0.0573   |
| mse_q1     | 0.0178   |
| mse_q2     | 0.00522  |
| mse_q3     | 0.00418  |
| samples    | 1.33e+04 |
| step       | 830      |
-------------------------
-------------------------
| grad_norm  | 33.1     |
| kld_rep    | 1.55e+03 |
| kld_rep_q0 | 1.45e+03 |
| kld_rep_q1 | 1.68e+03 |
| kld_rep_q2 | 1.61e+03 |
| kld_rep_q3 | 1.49e+03 |
| loss       | 26       |
| loss_q0    | 24.2     |
| loss_q1    | 28.1     |
| loss_q2    | 26.9     |
| loss_q3    | 24.9     |
| mse        | 0.0252   |
| mse_q0     | 0.0746   |
| mse_q1     | 0.0183   |
| mse_q2     | 0.00495  |
| mse_q3     | 0.00341  |
| samples    | 1.35e+04 |
| step       | 840      |
-------------------------
-------------------------
| grad_norm  | 33.6     |
| kld_rep    | 1.13e+03 |
| kld_rep_q0 | 1.26e+03 |
| kld_rep_q1 | 1.13e+03 |
| kld_rep_q2 | 957      |
| kld_rep_q3 | 1.11e+03 |
| loss       | 19       |
| loss_q0    | 21.3     |
| loss_q1    | 19.2     |
| loss_q2    | 16.2     |
| loss_q3    | 18.8     |
| mse        | 0.0256   |
| mse_q0     | 0.068    |
| mse_q1     | 0.015    |
| mse_q2     | 0.00543  |
| mse_q3     | 0.00409  |
| samples    | 1.36e+04 |
| step       | 850      |
-------------------------
-------------------------
| grad_norm  | 39.3     |
| kld_rep    | 1.39e+03 |
| kld_rep_q0 | 1.38e+03 |
| kld_rep_q1 | 936      |
| kld_rep_q2 | 1.57e+03 |
| kld_rep_q3 | 1.66e+03 |
| loss       | 23.7     |
| loss_q0    | 23.6     |
| loss_q1    | 16       |
| loss_q2    | 26.8     |
| loss_q3    | 28.5     |
| mse        | 0.0195   |
| mse_q0     | 0.0504   |
| mse_q1     | 0.0173   |
| mse_q2     | 0.00516  |
| mse_q3     | 0.00402  |
| samples    | 1.38e+04 |
| step       | 860      |
-------------------------
-------------------------
| grad_norm  | 32.7     |
| kld_rep    | 1.11e+03 |
| kld_rep_q0 | 1.13e+03 |
| kld_rep_q1 | 1.11e+03 |
| kld_rep_q2 | 1.12e+03 |
| kld_rep_q3 | 1.06e+03 |
| loss       | 19.2     |
| loss_q0    | 19.6     |
| loss_q1    | 19.2     |
| loss_q2    | 19.4     |
| loss_q3    | 18.4     |
| mse        | 0.0221   |
| mse_q0     | 0.0623   |
| mse_q1     | 0.0157   |
| mse_q2     | 0.00489  |
| mse_q3     | 0.00326  |
| samples    | 1.39e+04 |
| step       | 870      |
-------------------------
-------------------------
| grad_norm  | 41.8     |
| kld_rep    | 1.35e+03 |
| kld_rep_q0 | 1.39e+03 |
| kld_rep_q1 | 1.35e+03 |
| kld_rep_q2 | 1.42e+03 |
| kld_rep_q3 | 1.22e+03 |
| loss       | 23.6     |
| loss_q0    | 24.3     |
| loss_q1    | 23.5     |
| loss_q2    | 24.8     |
| loss_q3    | 21.4     |
| mse        | 0.0194   |
| mse_q0     | 0.0581   |
| mse_q1     | 0.0164   |
| mse_q2     | 0.00478  |
| mse_q3     | 0.00299  |
| samples    | 1.41e+04 |
| step       | 880      |
-------------------------
-------------------------
| grad_norm  | 36.7     |
| kld_rep    | 1.17e+03 |
| kld_rep_q0 | 1.11e+03 |
| kld_rep_q1 | 978      |
| kld_rep_q2 | 1.35e+03 |
| kld_rep_q3 | 1.22e+03 |
| loss       | 20.8     |
| loss_q0    | 19.7     |
| loss_q1    | 17.3     |
| loss_q2    | 23.9     |
| loss_q3    | 21.5     |
| mse        | 0.0209   |
| mse_q0     | 0.0609   |
| mse_q1     | 0.0163   |
| mse_q2     | 0.00447  |
| mse_q3     | 0.00329  |
| samples    | 1.43e+04 |
| step       | 890      |
-------------------------
-------------------------
| grad_norm  | 31.6     |
| kld_rep    | 989      |
| kld_rep_q0 | 860      |
| kld_rep_q1 | 1.09e+03 |
| kld_rep_q2 | 1.01e+03 |
| kld_rep_q3 | 1.02e+03 |
| loss       | 17.7     |
| loss_q0    | 15.5     |
| loss_q1    | 19.5     |
| loss_q2    | 18.2     |
| loss_q3    | 18.3     |
| mse        | 0.0205   |
| mse_q0     | 0.0532   |
| mse_q1     | 0.0172   |
| mse_q2     | 0.00461  |
| mse_q3     | 0.00302  |
| samples    | 1.44e+04 |
| step       | 900      |
-------------------------
-------------------------
| grad_norm  | 37.6     |
| kld_rep    | 1.22e+03 |
| kld_rep_q0 | 1.23e+03 |
| kld_rep_q1 | 1.28e+03 |
| kld_rep_q2 | 1.26e+03 |
| kld_rep_q3 | 1.13e+03 |
| loss       | 22       |
| loss_q0    | 22.3     |
| loss_q1    | 23.1     |
| loss_q2    | 22.8     |
| loss_q3    | 20.4     |
| mse        | 0.0193   |
| mse_q0     | 0.0556   |
| mse_q1     | 0.0173   |
| mse_q2     | 0.00531  |
| mse_q3     | 0.00333  |
| samples    | 1.46e+04 |
| step       | 910      |
-------------------------
-------------------------
| grad_norm  | 35.1     |
| kld_rep    | 967      |
| kld_rep_q0 | 1.02e+03 |
| kld_rep_q1 | 962      |
| kld_rep_q2 | 1.04e+03 |
| kld_rep_q3 | 862      |
| loss       | 17.7     |
| loss_q0    | 18.7     |
| loss_q1    | 17.6     |
| loss_q2    | 18.9     |
| loss_q3    | 15.8     |
| mse        | 0.0189   |
| mse_q0     | 0.0508   |
| mse_q1     | 0.0163   |
| mse_q2     | 0.00462  |
| mse_q3     | 0.00246  |
| samples    | 1.47e+04 |
| step       | 920      |
-------------------------
-------------------------
| grad_norm  | 36.5     |
| kld_rep    | 1.07e+03 |
| kld_rep_q0 | 1.02e+03 |
| kld_rep_q1 | 1.09e+03 |
| kld_rep_q2 | 1.13e+03 |
| kld_rep_q3 | 1.06e+03 |
| loss       | 19.9     |
| loss_q0    | 18.9     |
| loss_q1    | 20.2     |
| loss_q2    | 20.9     |
| loss_q3    | 19.6     |
| mse        | 0.0219   |
| mse_q0     | 0.0597   |
| mse_q1     | 0.0161   |
| mse_q2     | 0.00382  |
| mse_q3     | 0.00356  |
| samples    | 1.49e+04 |
| step       | 930      |
-------------------------
-------------------------
| grad_norm  | 35.5     |
| kld_rep    | 1.13e+03 |
| kld_rep_q0 | 1.13e+03 |
| kld_rep_q1 | 1.11e+03 |
| kld_rep_q2 | 1.19e+03 |
| kld_rep_q3 | 1.08e+03 |
| loss       | 21.1     |
| loss_q0    | 21.2     |
| loss_q1    | 20.8     |
| loss_q2    | 22.3     |
| loss_q3    | 20.2     |
| mse        | 0.0237   |
| mse_q0     | 0.061    |
| mse_q1     | 0.016    |
| mse_q2     | 0.00392  |
| mse_q3     | 0.003    |
| samples    | 1.51e+04 |
| step       | 940      |
-------------------------
-------------------------
| grad_norm  | 26.8     |
| kld_rep    | 929      |
| kld_rep_q0 | 898      |
| kld_rep_q1 | 919      |
| kld_rep_q2 | 919      |
| kld_rep_q3 | 961      |
| loss       | 17.6     |
| loss_q0    | 17       |
| loss_q1    | 17.4     |
| loss_q2    | 17.4     |
| loss_q3    | 18.2     |
| mse        | 0.0167   |
| mse_q0     | 0.0517   |
| mse_q1     | 0.0167   |
| mse_q2     | 0.00454  |
| mse_q3     | 0.00257  |
| samples    | 1.52e+04 |
| step       | 950      |
-------------------------
-------------------------
| grad_norm  | 41.9     |
| kld_rep    | 1.33e+03 |
| kld_rep_q0 | 1.17e+03 |
| kld_rep_q1 | 1.41e+03 |
| kld_rep_q2 | 1.41e+03 |
| kld_rep_q3 | 1.32e+03 |
| loss       | 25.4     |
| loss_q0    | 22.4     |
| loss_q1    | 26.9     |
| loss_q2    | 27       |
| loss_q3    | 25.3     |
| mse        | 0.0236   |
| mse_q0     | 0.0721   |
| mse_q1     | 0.0173   |
| mse_q2     | 0.00411  |
| mse_q3     | 0.00285  |
| samples    | 1.54e+04 |
| step       | 960      |
-------------------------
-------------------------
| grad_norm  | 42.6     |
| kld_rep    | 1.36e+03 |
| kld_rep_q0 | 1.62e+03 |
| kld_rep_q1 | 1.34e+03 |
| kld_rep_q2 | 1.43e+03 |
| kld_rep_q3 | 1.15e+03 |
| loss       | 26.4     |
| loss_q0    | 31.3     |
| loss_q1    | 26       |
| loss_q2    | 27.6     |
| loss_q3    | 22.2     |
| mse        | 0.016    |
| mse_q0     | 0.0473   |
| mse_q1     | 0.016    |
| mse_q2     | 0.00434  |
| mse_q3     | 0.00272  |
| samples    | 1.55e+04 |
| step       | 970      |
-------------------------
-------------------------
| grad_norm  | 32.6     |
| kld_rep    | 880      |
| kld_rep_q0 | 796      |
| kld_rep_q1 | 960      |
| kld_rep_q2 | 952      |
| kld_rep_q3 | 806      |
| loss       | 17.2     |
| loss_q0    | 15.6     |
| loss_q1    | 18.7     |
| loss_q2    | 18.6     |
| loss_q3    | 15.7     |
| mse        | 0.0179   |
| mse_q0     | 0.0498   |
| mse_q1     | 0.0162   |
| mse_q2     | 0.00409  |
| mse_q3     | 0.00327  |
| samples    | 1.57e+04 |
| step       | 980      |
-------------------------
-------------------------
| grad_norm  | 43.9     |
| kld_rep    | 1.38e+03 |
| kld_rep_q0 | 1.16e+03 |
| kld_rep_q1 | 1.5e+03  |
| kld_rep_q2 | 1.33e+03 |
| kld_rep_q3 | 1.49e+03 |
| loss       | 27.1     |
| loss_q0    | 22.9     |
| loss_q1    | 29.6     |
| loss_q2    | 26.1     |
| loss_q3    | 29.3     |
| mse        | 0.0182   |
| mse_q0     | 0.0539   |
| mse_q1     | 0.0167   |
| mse_q2     | 0.00449  |
| mse_q3     | 0.00245  |
| samples    | 1.59e+04 |
| step       | 990      |
-------------------------
-------------------------
| grad_norm  | 37.2     |
| kld_rep    | 1.16e+03 |
| kld_rep_q0 | 1.2e+03  |
| kld_rep_q1 | 1.17e+03 |
| kld_rep_q2 | 1.12e+03 |
| kld_rep_q3 | 1.16e+03 |
| loss       | 23.2     |
| loss_q0    | 24       |
| loss_q1    | 23.3     |
| loss_q2    | 22.3     |
| loss_q3    | 23.2     |
| mse        | 0.0216   |
| mse_q0     | 0.0567   |
| mse_q1     | 0.0179   |
| mse_q2     | 0.00384  |
| mse_q3     | 0.00305  |
| samples    | 1.6e+04  |
| step       | 1e+03    |
-------------------------
saving model 0...
saving model 0.9999...
-------------------------
| grad_norm  | 36.3     |
| kld_rep    | 816      |
| kld_rep_q0 | 816      |
| kld_rep_q1 | 813      |
| kld_rep_q2 | 774      |
| kld_rep_q3 | 851      |
| loss       | 16.4     |
| loss_q0    | 16.5     |
| loss_q1    | 16.4     |
| loss_q2    | 15.6     |
| loss_q3    | 17.1     |
| mse        | 0.0198   |
| mse_q0     | 0.0685   |
| mse_q1     | 0.016    |
| mse_q2     | 0.00351  |
| mse_q3     | 0.00212  |
| samples    | 1.62e+04 |
| step       | 1.01e+03 |
-------------------------
-------------------------
| grad_norm  | 50.3     |
| kld_rep    | 1.36e+03 |
| kld_rep_q0 | 1.31e+03 |
| kld_rep_q1 | 1.4e+03  |
| kld_rep_q2 | 1.31e+03 |
| kld_rep_q3 | 1.39e+03 |
| loss       | 27.5     |
| loss_q0    | 26.7     |
| loss_q1    | 28.4     |
| loss_q2    | 26.7     |
| loss_q3    | 28.1     |
| mse        | 0.0193   |
| mse_q0     | 0.0657   |
| mse_q1     | 0.0145   |
| mse_q2     | 0.00355  |
| mse_q3     | 0.00262  |
| samples    | 1.63e+04 |
| step       | 1.02e+03 |
-------------------------
-------------------------
| grad_norm  | 40.4     |
| kld_rep    | 1.15e+03 |
| kld_rep_q0 | 1.2e+03  |
| kld_rep_q1 | 1.08e+03 |
| kld_rep_q2 | 1.15e+03 |
| kld_rep_q3 | 1.16e+03 |
| loss       | 23.6     |
| loss_q0    | 24.6     |
| loss_q1    | 22.1     |
| loss_q2    | 23.7     |
| loss_q3    | 23.7     |
| mse        | 0.0196   |
| mse_q0     | 0.0603   |
| mse_q1     | 0.0158   |
| mse_q2     | 0.00425  |
| mse_q3     | 0.00339  |
| samples    | 1.65e+04 |
| step       | 1.03e+03 |
-------------------------
-------------------------
| grad_norm  | 43.7     |
| kld_rep    | 965      |
| kld_rep_q0 | 899      |
| kld_rep_q1 | 1.05e+03 |
| kld_rep_q2 | 978      |
| kld_rep_q3 | 952      |
| loss       | 20       |
| loss_q0    | 18.7     |
| loss_q1    | 21.9     |
| loss_q2    | 20.3     |
| loss_q3    | 19.7     |
| mse        | 0.024    |
| mse_q0     | 0.0615   |
| mse_q1     | 0.0161   |
| mse_q2     | 0.00365  |
| mse_q3     | 0.00303  |
| samples    | 1.67e+04 |
| step       | 1.04e+03 |
-------------------------
-------------------------
| grad_norm  | 46.7     |
| kld_rep    | 1.26e+03 |
| kld_rep_q0 | 1.29e+03 |
| kld_rep_q1 | 1.3e+03  |
| kld_rep_q2 | 1.23e+03 |
| kld_rep_q3 | 1.23e+03 |
| loss       | 26.4     |
| loss_q0    | 27.1     |
| loss_q1    | 27.3     |
| loss_q2    | 25.6     |
| loss_q3    | 25.6     |
| mse        | 0.0187   |
| mse_q0     | 0.0553   |
| mse_q1     | 0.0181   |
| mse_q2     | 0.00441  |
| mse_q3     | 0.00244  |
| samples    | 1.68e+04 |
| step       | 1.05e+03 |
-------------------------
-------------------------
| grad_norm  | 34.9     |
| kld_rep    | 846      |
| kld_rep_q0 | 888      |
| kld_rep_q1 | 807      |
| kld_rep_q2 | 909      |
| kld_rep_q3 | 787      |
| loss       | 17.9     |
| loss_q0    | 18.8     |
| loss_q1    | 17.1     |
| loss_q2    | 19.2     |
| loss_q3    | 16.6     |
| mse        | 0.0163   |
| mse_q0     | 0.0465   |
| mse_q1     | 0.0131   |
| mse_q2     | 0.00388  |
| mse_q3     | 0.0031   |
| samples    | 1.7e+04  |
| step       | 1.06e+03 |
-------------------------
-------------------------
| grad_norm  | 47.2     |
| kld_rep    | 1.27e+03 |
| kld_rep_q0 | 1.32e+03 |
| kld_rep_q1 | 1.18e+03 |
| kld_rep_q2 | 1.25e+03 |
| kld_rep_q3 | 1.35e+03 |
| loss       | 27.1     |
| loss_q0    | 28.2     |
| loss_q1    | 25.2     |
| loss_q2    | 26.6     |
| loss_q3    | 28.7     |
| mse        | 0.0202   |
| mse_q0     | 0.0528   |
| mse_q1     | 0.0142   |
| mse_q2     | 0.0039   |
| mse_q3     | 0.00235  |
| samples    | 1.71e+04 |
| step       | 1.07e+03 |
-------------------------
-------------------------
| grad_norm  | 47.5     |
| kld_rep    | 1.25e+03 |
| kld_rep_q0 | 1.11e+03 |
| kld_rep_q1 | 1.43e+03 |
| kld_rep_q2 | 1.35e+03 |
| kld_rep_q3 | 1.2e+03  |
| loss       | 27       |
| loss_q0    | 23.9     |
| loss_q1    | 30.9     |
| loss_q2    | 29.1     |
| loss_q3    | 25.9     |
| mse        | 0.0207   |
| mse_q0     | 0.0515   |
| mse_q1     | 0.0149   |
| mse_q2     | 0.00561  |
| mse_q3     | 0.00276  |
| samples    | 1.73e+04 |
| step       | 1.08e+03 |
-------------------------
-------------------------
| grad_norm  | 43.9     |
| kld_rep    | 917      |
| kld_rep_q0 | 894      |
| kld_rep_q1 | 905      |
| kld_rep_q2 | 917      |
| kld_rep_q3 | 958      |
| loss       | 19.9     |
| loss_q0    | 19.5     |
| loss_q1    | 19.6     |
| loss_q2    | 19.9     |
| loss_q3    | 20.8     |
| mse        | 0.0197   |
| mse_q0     | 0.0594   |
| mse_q1     | 0.014    |
| mse_q2     | 0.00305  |
| mse_q3     | 0.00243  |
| samples    | 1.75e+04 |
| step       | 1.09e+03 |
-------------------------
-------------------------
| grad_norm  | 40.2     |
| kld_rep    | 1.05e+03 |
| kld_rep_q0 | 995      |
| kld_rep_q1 | 1.05e+03 |
| kld_rep_q2 | 1.07e+03 |
| kld_rep_q3 | 1.08e+03 |
| loss       | 23.1     |
| loss_q0    | 21.9     |
| loss_q1    | 23       |
| loss_q2    | 23.4     |
| loss_q3    | 23.7     |
| mse        | 0.0165   |
| mse_q0     | 0.0514   |
| mse_q1     | 0.0146   |
| mse_q2     | 0.00413  |
| mse_q3     | 0.0024   |
| samples    | 1.76e+04 |
| step       | 1.1e+03  |
-------------------------
-------------------------
| grad_norm  | 39       |
| kld_rep    | 957      |
| kld_rep_q0 | 933      |
| kld_rep_q1 | 907      |
| kld_rep_q2 | 1.06e+03 |
| kld_rep_q3 | 903      |
| loss       | 21.2     |
| loss_q0    | 20.7     |
| loss_q1    | 20.1     |
| loss_q2    | 23.4     |
| loss_q3    | 20       |
| mse        | 0.0176   |
| mse_q0     | 0.0458   |
| mse_q1     | 0.0128   |
| mse_q2     | 0.00367  |
| mse_q3     | 0.00234  |
| samples    | 1.78e+04 |
| step       | 1.11e+03 |
-------------------------
-------------------------
| grad_norm  | 37.4     |
| kld_rep    | 846      |
| kld_rep_q0 | 760      |
| kld_rep_q1 | 864      |
| kld_rep_q2 | 892      |
| kld_rep_q3 | 861      |
| loss       | 18.9     |
| loss_q0    | 17       |
| loss_q1    | 19.3     |
| loss_q2    | 19.9     |
| loss_q3    | 19.2     |
| mse        | 0.0173   |
| mse_q0     | 0.05     |
| mse_q1     | 0.0156   |
| mse_q2     | 0.0036   |
| mse_q3     | 0.0021   |
| samples    | 1.79e+04 |
| step       | 1.12e+03 |
-------------------------
-------------------------
| grad_norm  | 30       |
| kld_rep    | 604      |
| kld_rep_q0 | 680      |
| kld_rep_q1 | 604      |
| kld_rep_q2 | 498      |
| kld_rep_q3 | 641      |
| loss       | 13.6     |
| loss_q0    | 15.4     |
| loss_q1    | 13.6     |
| loss_q2    | 11.2     |
| loss_q3    | 14.4     |
| mse        | 0.0173   |
| mse_q0     | 0.0573   |
| mse_q1     | 0.0139   |
| mse_q2     | 0.00289  |
| mse_q3     | 0.00217  |
| samples    | 1.81e+04 |
| step       | 1.13e+03 |
-------------------------
-------------------------
| grad_norm  | 44.3     |
| kld_rep    | 1.11e+03 |
| kld_rep_q0 | 1.21e+03 |
| kld_rep_q1 | 1.06e+03 |
| kld_rep_q2 | 1.12e+03 |
| kld_rep_q3 | 1.06e+03 |
| loss       | 25.3     |
| loss_q0    | 27.5     |
| loss_q1    | 24.1     |
| loss_q2    | 25.5     |
| loss_q3    | 24.1     |
| mse        | 0.02     |
| mse_q0     | 0.0577   |
| mse_q1     | 0.0136   |
| mse_q2     | 0.00375  |
| mse_q3     | 0.00195  |
| samples    | 1.83e+04 |
| step       | 1.14e+03 |
-------------------------
-------------------------
| grad_norm  | 47.9     |
| kld_rep    | 1.13e+03 |
| kld_rep_q0 | 1.1e+03  |
| kld_rep_q1 | 933      |
| kld_rep_q2 | 1.17e+03 |
| kld_rep_q3 | 1.28e+03 |
| loss       | 25.9     |
| loss_q0    | 25.2     |
| loss_q1    | 21.4     |
| loss_q2    | 26.8     |
| loss_q3    | 29.4     |
| mse        | 0.018    |
| mse_q0     | 0.0557   |
| mse_q1     | 0.0151   |
| mse_q2     | 0.00389  |
| mse_q3     | 0.00228  |
| samples    | 1.84e+04 |
| step       | 1.15e+03 |
-------------------------
-------------------------
| grad_norm  | 43.2     |
| kld_rep    | 1.14e+03 |
| kld_rep_q0 | 1.1e+03  |
| kld_rep_q1 | 1.17e+03 |
| kld_rep_q2 | 1.17e+03 |
| kld_rep_q3 | 1.12e+03 |
| loss       | 26.3     |
| loss_q0    | 25.5     |
| loss_q1    | 27       |
| loss_q2    | 27.1     |
| loss_q3    | 26       |
| mse        | 0.0184   |
| mse_q0     | 0.0546   |
| mse_q1     | 0.0129   |
| mse_q2     | 0.00349  |
| mse_q3     | 0.00228  |
| samples    | 1.86e+04 |
| step       | 1.16e+03 |
-------------------------
-------------------------
| grad_norm  | 41.6     |
| kld_rep    | 1.01e+03 |
| kld_rep_q0 | 1.03e+03 |
| kld_rep_q1 | 1.01e+03 |
| kld_rep_q2 | 998      |
| kld_rep_q3 | 987      |
| loss       | 23.5     |
| loss_q0    | 24.1     |
| loss_q1    | 23.5     |
| loss_q2    | 23.3     |
| loss_q3    | 23       |
| mse        | 0.0186   |
| mse_q0     | 0.0565   |
| mse_q1     | 0.0133   |
| mse_q2     | 0.00301  |
| mse_q3     | 0.00252  |
| samples    | 1.87e+04 |
| step       | 1.17e+03 |
-------------------------
-------------------------
| grad_norm  | 54       |
| kld_rep    | 1.29e+03 |
| kld_rep_q0 | 1.22e+03 |
| kld_rep_q1 | 1.41e+03 |
| kld_rep_q2 | 1.38e+03 |
| kld_rep_q3 | 1.2e+03  |
| loss       | 30.4     |
| loss_q0    | 28.7     |
| loss_q1    | 33.1     |
| loss_q2    | 32.3     |
| loss_q3    | 28.2     |
| mse        | 0.0213   |
| mse_q0     | 0.0644   |
| mse_q1     | 0.0139   |
| mse_q2     | 0.00309  |
| mse_q3     | 0.00199  |
| samples    | 1.89e+04 |
| step       | 1.18e+03 |
-------------------------
-------------------------
| grad_norm  | 39.3     |
| kld_rep    | 1.21e+03 |
| kld_rep_q0 | 1.4e+03  |
| kld_rep_q1 | 943      |
| kld_rep_q2 | 1.04e+03 |
| kld_rep_q3 | 1.38e+03 |
| loss       | 28.7     |
| loss_q0    | 33.2     |
| loss_q1    | 22.4     |
| loss_q2    | 24.7     |
| loss_q3    | 32.8     |
| mse        | 0.0195   |
| mse_q0     | 0.0491   |
| mse_q1     | 0.0175   |
| mse_q2     | 0.00354  |
| mse_q3     | 0.00209  |
| samples    | 1.91e+04 |
| step       | 1.19e+03 |
-------------------------
-------------------------
| grad_norm  | 48.8     |
| kld_rep    | 1.02e+03 |
| kld_rep_q0 | 1.01e+03 |
| kld_rep_q1 | 966      |
| kld_rep_q2 | 1.1e+03  |
| kld_rep_q3 | 998      |
| loss       | 24.3     |
| loss_q0    | 24.2     |
| loss_q1    | 23.1     |
| loss_q2    | 26.3     |
| loss_q3    | 23.9     |
| mse        | 0.0161   |
| mse_q0     | 0.0505   |
| mse_q1     | 0.0163   |
| mse_q2     | 0.00386  |
| mse_q3     | 0.00222  |
| samples    | 1.92e+04 |
| step       | 1.2e+03  |
-------------------------
-------------------------
| grad_norm  | 45.7     |
| kld_rep    | 1.06e+03 |
| kld_rep_q0 | 1e+03    |
| kld_rep_q1 | 1.08e+03 |
| kld_rep_q2 | 1.16e+03 |
| kld_rep_q3 | 997      |
| loss       | 25.7     |
| loss_q0    | 24.3     |
| loss_q1    | 26.1     |
| loss_q2    | 28.1     |
| loss_q3    | 24.1     |
| mse        | 0.0185   |
| mse_q0     | 0.0505   |
| mse_q1     | 0.015    |
| mse_q2     | 0.00435  |
| mse_q3     | 0.00217  |
| samples    | 1.94e+04 |
| step       | 1.21e+03 |
-------------------------
-------------------------
| grad_norm  | 50.1     |
| kld_rep    | 1.06e+03 |
| kld_rep_q0 | 1.04e+03 |
| kld_rep_q1 | 1.04e+03 |
| kld_rep_q2 | 1.05e+03 |
| kld_rep_q3 | 1.1e+03  |
| loss       | 25.7     |
| loss_q0    | 25.4     |
| loss_q1    | 25.2     |
| loss_q2    | 25.4     |
| loss_q3    | 26.7     |
| mse        | 0.0176   |
| mse_q0     | 0.0524   |
| mse_q1     | 0.0168   |
| mse_q2     | 0.0035   |
| mse_q3     | 0.00193  |
| samples    | 1.95e+04 |
| step       | 1.22e+03 |
-------------------------
-------------------------
| grad_norm  | 74.5     |
| kld_rep    | 1.83e+03 |
| kld_rep_q0 | 1.75e+03 |
| kld_rep_q1 | 2.3e+03  |
| kld_rep_q2 | 1.7e+03  |
| kld_rep_q3 | 1.4e+03  |
| loss       | 44.8     |
| loss_q0    | 43.1     |
| loss_q1    | 56.5     |
| loss_q2    | 41.8     |
| loss_q3    | 34.4     |
| mse        | 0.0186   |
| mse_q0     | 0.0639   |
| mse_q1     | 0.0148   |
| mse_q2     | 0.00384  |
| mse_q3     | 0.00251  |
| samples    | 1.97e+04 |
| step       | 1.23e+03 |
-------------------------
-------------------------
| grad_norm  | 39.8     |
| kld_rep    | 771      |
| kld_rep_q0 | 774      |
| kld_rep_q1 | 699      |
| kld_rep_q2 | 830      |
| kld_rep_q3 | 765      |
| loss       | 19.1     |
| loss_q0    | 19.2     |
| loss_q1    | 17.3     |
| loss_q2    | 20.5     |
| loss_q3    | 18.9     |
| mse        | 0.018    |
| mse_q0     | 0.0543   |
| mse_q1     | 0.0152   |
| mse_q2     | 0.00342  |
| mse_q3     | 0.0021   |
| samples    | 1.99e+04 |
| step       | 1.24e+03 |
-------------------------
-------------------------
| grad_norm  | 40.5     |
| kld_rep    | 808      |
| kld_rep_q0 | 808      |
| kld_rep_q1 | 755      |
| kld_rep_q2 | 767      |
| kld_rep_q3 | 891      |
| loss       | 20.1     |
| loss_q0    | 20.2     |
| loss_q1    | 18.8     |
| loss_q2    | 19.1     |
| loss_q3    | 22.2     |
| mse        | 0.0186   |
| mse_q0     | 0.0449   |
| mse_q1     | 0.0155   |
| mse_q2     | 0.00404  |
| mse_q3     | 0.00212  |
| samples    | 2e+04    |
| step       | 1.25e+03 |
-------------------------
-------------------------
| grad_norm  | 42.4     |
| kld_rep    | 965      |
| kld_rep_q0 | 949      |
| kld_rep_q1 | 956      |
| kld_rep_q2 | 1.05e+03 |
| kld_rep_q3 | 918      |
| loss       | 24.2     |
| loss_q0    | 23.9     |
| loss_q1    | 24       |
| loss_q2    | 26.5     |
| loss_q3    | 23       |
| mse        | 0.0193   |
| mse_q0     | 0.0553   |
| mse_q1     | 0.0146   |
| mse_q2     | 0.00397  |
| mse_q3     | 0.00277  |
| samples    | 2.02e+04 |
| step       | 1.26e+03 |
-------------------------
-------------------------
| grad_norm  | 50.7     |
| kld_rep    | 844      |
| kld_rep_q0 | 859      |
| kld_rep_q1 | 858      |
| kld_rep_q2 | 792      |
| kld_rep_q3 | 866      |
| loss       | 21.4     |
| loss_q0    | 21.8     |
| loss_q1    | 21.7     |
| loss_q2    | 20.1     |
| loss_q3    | 21.9     |
| mse        | 0.0178   |
| mse_q0     | 0.0549   |
| mse_q1     | 0.0133   |
| mse_q2     | 0.00331  |
| mse_q3     | 0.00241  |
| samples    | 2.03e+04 |
| step       | 1.27e+03 |
-------------------------
-------------------------
| grad_norm  | 63.9     |
| kld_rep    | 1.02e+03 |
| kld_rep_q0 | 876      |
| kld_rep_q1 | 1.1e+03  |
| kld_rep_q2 | 1.12e+03 |
| kld_rep_q3 | 993      |
| loss       | 26.1     |
| loss_q0    | 22.4     |
| loss_q1    | 28.1     |
| loss_q2    | 28.7     |
| loss_q3    | 25.3     |
| mse        | 0.0224   |
| mse_q0     | 0.0685   |
| mse_q1     | 0.0147   |
| mse_q2     | 0.00383  |
| mse_q3     | 0.00229  |
| samples    | 2.05e+04 |
| step       | 1.28e+03 |
-------------------------
-------------------------
| grad_norm  | 38.1     |
| kld_rep    | 856      |
| kld_rep_q0 | 849      |
| kld_rep_q1 | 837      |
| kld_rep_q2 | 940      |
| kld_rep_q3 | 798      |
| loss       | 22       |
| loss_q0    | 21.9     |
| loss_q1    | 21.5     |
| loss_q2    | 24.2     |
| loss_q3    | 20.5     |
| mse        | 0.0205   |
| mse_q0     | 0.0552   |
| mse_q1     | 0.0149   |
| mse_q2     | 0.00322  |
| mse_q3     | 0.00203  |
| samples    | 2.07e+04 |
| step       | 1.29e+03 |
-------------------------
-------------------------
| grad_norm  | 44.1     |
| kld_rep    | 1.04e+03 |
| kld_rep_q0 | 959      |
| kld_rep_q1 | 1.08e+03 |
| kld_rep_q2 | 1.04e+03 |
| kld_rep_q3 | 1.12e+03 |
| loss       | 27       |
| loss_q0    | 24.9     |
| loss_q1    | 28.1     |
| loss_q2    | 27       |
| loss_q3    | 29       |
| mse        | 0.0224   |
| mse_q0     | 0.0638   |
| mse_q1     | 0.0115   |
| mse_q2     | 0.00412  |
| mse_q3     | 0.00174  |
| samples    | 2.08e+04 |
| step       | 1.3e+03  |
-------------------------
-------------------------
| grad_norm  | 46.1     |
| kld_rep    | 643      |
| kld_rep_q0 | 666      |
| kld_rep_q1 | 602      |
| kld_rep_q2 | 597      |
| kld_rep_q3 | 706      |
| loss       | 16.8     |
| loss_q0    | 17.4     |
| loss_q1    | 15.7     |
| loss_q2    | 15.6     |
| loss_q3    | 18.4     |
| mse        | 0.0282   |
| mse_q0     | 0.0727   |
| mse_q1     | 0.0151   |
| mse_q2     | 0.00359  |
| mse_q3     | 0.00231  |
| samples    | 2.1e+04  |
| step       | 1.31e+03 |
-------------------------
-------------------------
| grad_norm  | 54.5     |
| kld_rep    | 1.12e+03 |
| kld_rep_q0 | 1.08e+03 |
| kld_rep_q1 | 1.15e+03 |
| kld_rep_q2 | 1.09e+03 |
| kld_rep_q3 | 1.17e+03 |
| loss       | 29.6     |
| loss_q0    | 28.5     |
| loss_q1    | 30.2     |
| loss_q2    | 28.6     |
| loss_q3    | 30.8     |
| mse        | 0.02     |
| mse_q0     | 0.0651   |
| mse_q1     | 0.0146   |
| mse_q2     | 0.00382  |
| mse_q3     | 0.00208  |
| samples    | 2.11e+04 |
| step       | 1.32e+03 |
-------------------------
-------------------------
| grad_norm  | 56.2     |
| kld_rep    | 891      |
| kld_rep_q0 | 865      |
| kld_rep_q1 | 869      |
| kld_rep_q2 | 884      |
| kld_rep_q3 | 951      |
| loss       | 23.6     |
| loss_q0    | 23       |
| loss_q1    | 23       |
| loss_q2    | 23.4     |
| loss_q3    | 25.2     |
| mse        | 0.021    |
| mse_q0     | 0.056    |
| mse_q1     | 0.0169   |
| mse_q2     | 0.00359  |
| mse_q3     | 0.00237  |
| samples    | 2.13e+04 |
| step       | 1.33e+03 |
-------------------------
-------------------------
| grad_norm  | 51.9     |
| kld_rep    | 863      |
| kld_rep_q0 | 819      |
| kld_rep_q1 | 824      |
| kld_rep_q2 | 868      |
| kld_rep_q3 | 946      |
| loss       | 23.1     |
| loss_q0    | 21.9     |
| loss_q1    | 22       |
| loss_q2    | 23.2     |
| loss_q3    | 25.3     |
| mse        | 0.0212   |
| mse_q0     | 0.0556   |
| mse_q1     | 0.018    |
| mse_q2     | 0.00309  |
| mse_q3     | 0.00258  |
| samples    | 2.15e+04 |
| step       | 1.34e+03 |
-------------------------
-------------------------
| grad_norm  | 44.3     |
| kld_rep    | 737      |
| kld_rep_q0 | 765      |
| kld_rep_q1 | 731      |
| kld_rep_q2 | 720      |
| kld_rep_q3 | 734      |
| loss       | 19.8     |
| loss_q0    | 20.7     |
| loss_q1    | 19.7     |
| loss_q2    | 19.4     |
| loss_q3    | 19.7     |
| mse        | 0.0158   |
| mse_q0     | 0.046    |
| mse_q1     | 0.0149   |
| mse_q2     | 0.00361  |
| mse_q3     | 0.00221  |
| samples    | 2.16e+04 |
| step       | 1.35e+03 |
-------------------------
-------------------------
| grad_norm  | 47.1     |
| kld_rep    | 910      |
| kld_rep_q0 | 857      |
| kld_rep_q1 | 818      |
| kld_rep_q2 | 1.05e+03 |
| kld_rep_q3 | 914      |
| loss       | 24.7     |
| loss_q0    | 23.3     |
| loss_q1    | 22.2     |
| loss_q2    | 28.4     |
| loss_q3    | 24.8     |
| mse        | 0.0187   |
| mse_q0     | 0.0576   |
| mse_q1     | 0.0139   |
| mse_q2     | 0.00357  |
| mse_q3     | 0.00194  |
| samples    | 2.18e+04 |
| step       | 1.36e+03 |
-------------------------
-------------------------
| grad_norm  | 38.6     |
| kld_rep    | 759      |
| kld_rep_q0 | 764      |
| kld_rep_q1 | 761      |
| kld_rep_q2 | 796      |
| kld_rep_q3 | 702      |
| loss       | 20.7     |
| loss_q0    | 20.9     |
| loss_q1    | 20.8     |
| loss_q2    | 21.7     |
| loss_q3    | 19.2     |
| mse        | 0.0158   |
| mse_q0     | 0.0502   |
| mse_q1     | 0.0125   |
| mse_q2     | 0.00377  |
| mse_q3     | 0.00202  |
| samples    | 2.19e+04 |
| step       | 1.37e+03 |
-------------------------
-------------------------
| grad_norm  | 48       |
| kld_rep    | 940      |
| kld_rep_q0 | 882      |
| kld_rep_q1 | 947      |
| kld_rep_q2 | 994      |
| kld_rep_q3 | 900      |
| loss       | 25.9     |
| loss_q0    | 24.3     |
| loss_q1    | 26.1     |
| loss_q2    | 27.3     |
| loss_q3    | 24.8     |
| mse        | 0.0139   |
| mse_q0     | 0.0432   |
| mse_q1     | 0.0144   |
| mse_q2     | 0.00394  |
| mse_q3     | 0.00232  |
| samples    | 2.21e+04 |
| step       | 1.38e+03 |
-------------------------
-------------------------
| grad_norm  | 45.5     |
| kld_rep    | 764      |
| kld_rep_q0 | 750      |
| kld_rep_q1 | 786      |
| kld_rep_q2 | 767      |
| kld_rep_q3 | 761      |
| loss       | 21.2     |
| loss_q0    | 20.9     |
| loss_q1    | 21.8     |
| loss_q2    | 21.3     |
| loss_q3    | 21.1     |
| mse        | 0.0253   |
| mse_q0     | 0.0683   |
| mse_q1     | 0.0169   |
| mse_q2     | 0.00357  |
| mse_q3     | 0.00188  |
| samples    | 2.23e+04 |
| step       | 1.39e+03 |
-------------------------
-------------------------
| grad_norm  | 80.7     |
| kld_rep    | 1.16e+03 |
| kld_rep_q0 | 1.28e+03 |
| kld_rep_q1 | 1.15e+03 |
| kld_rep_q2 | 1.07e+03 |
| kld_rep_q3 | 1.17e+03 |
| loss       | 32.4     |
| loss_q0    | 35.8     |
| loss_q1    | 32       |
| loss_q2    | 29.8     |
| loss_q3    | 32.6     |
| mse        | 0.0147   |
| mse_q0     | 0.0465   |
| mse_q1     | 0.0147   |
| mse_q2     | 0.00338  |
| mse_q3     | 0.00206  |
| samples    | 2.24e+04 |
| step       | 1.4e+03  |
-------------------------
-------------------------
| grad_norm  | 54.4     |
| kld_rep    | 971      |
| kld_rep_q0 | 1.06e+03 |
| kld_rep_q1 | 889      |
| kld_rep_q2 | 970      |
| kld_rep_q3 | 991      |
| loss       | 27.3     |
| loss_q0    | 29.9     |
| loss_q1    | 25       |
| loss_q2    | 27.2     |
| loss_q3    | 27.8     |
| mse        | 0.017    |
| mse_q0     | 0.0578   |
| mse_q1     | 0.0149   |
| mse_q2     | 0.00296  |
| mse_q3     | 0.00223  |
| samples    | 2.26e+04 |
| step       | 1.41e+03 |
-------------------------
-------------------------
| grad_norm  | 49.6     |
| kld_rep    | 882      |
| kld_rep_q0 | 859      |
| kld_rep_q1 | 878      |
| kld_rep_q2 | 948      |
| kld_rep_q3 | 841      |
| loss       | 25       |
| loss_q0    | 24.4     |
| loss_q1    | 24.9     |
| loss_q2    | 26.8     |
| loss_q3    | 23.8     |
| mse        | 0.0243   |
| mse_q0     | 0.0663   |
| mse_q1     | 0.0155   |
| mse_q2     | 0.00312  |
| mse_q3     | 0.00193  |
| samples    | 2.27e+04 |
| step       | 1.42e+03 |
-------------------------
-------------------------
| grad_norm  | 49.8     |
| kld_rep    | 827      |
| kld_rep_q0 | 893      |
| kld_rep_q1 | 878      |
| kld_rep_q2 | 802      |
| kld_rep_q3 | 753      |
| loss       | 23.6     |
| loss_q0    | 25.5     |
| loss_q1    | 25.1     |
| loss_q2    | 22.9     |
| loss_q3    | 21.5     |
| mse        | 0.0178   |
| mse_q0     | 0.0538   |
| mse_q1     | 0.014    |
| mse_q2     | 0.00342  |
| mse_q3     | 0.00194  |
| samples    | 2.29e+04 |
| step       | 1.43e+03 |
-------------------------
-------------------------
| grad_norm  | 51       |
| kld_rep    | 797      |
| kld_rep_q0 | 787      |
| kld_rep_q1 | 897      |
| kld_rep_q2 | 750      |
| kld_rep_q3 | 769      |
| loss       | 22.9     |
| loss_q0    | 22.6     |
| loss_q1    | 25.8     |
| loss_q2    | 21.6     |
| loss_q3    | 22.1     |
| mse        | 0.0221   |
| mse_q0     | 0.0582   |
| mse_q1     | 0.0166   |
| mse_q2     | 0.00398  |
| mse_q3     | 0.00205  |
| samples    | 2.31e+04 |
| step       | 1.44e+03 |
-------------------------
-------------------------
| grad_norm  | 61.9     |
| kld_rep    | 1.17e+03 |
| kld_rep_q0 | 1.18e+03 |
| kld_rep_q1 | 1.16e+03 |
| kld_rep_q2 | 1.01e+03 |
| kld_rep_q3 | 1.35e+03 |
| loss       | 33.9     |
| loss_q0    | 34.3     |
| loss_q1    | 33.7     |
| loss_q2    | 29.2     |
| loss_q3    | 39       |
| mse        | 0.0199   |
| mse_q0     | 0.0555   |
| mse_q1     | 0.0149   |
| mse_q2     | 0.00359  |
| mse_q3     | 0.00179  |
| samples    | 2.32e+04 |
| step       | 1.45e+03 |
-------------------------
-------------------------
| grad_norm  | 59.4     |
| kld_rep    | 1.05e+03 |
| kld_rep_q0 | 1.06e+03 |
| kld_rep_q1 | 1.05e+03 |
| kld_rep_q2 | 896      |
| kld_rep_q3 | 1.14e+03 |
| loss       | 30.5     |
| loss_q0    | 30.8     |
| loss_q1    | 30.6     |
| loss_q2    | 26.1     |
| loss_q3    | 33.3     |
| mse        | 0.0253   |
| mse_q0     | 0.0617   |
| mse_q1     | 0.0176   |
| mse_q2     | 0.00314  |
| mse_q3     | 0.00217  |
| samples    | 2.34e+04 |
| step       | 1.46e+03 |
-------------------------
-------------------------
| grad_norm  | 41.8     |
| kld_rep    | 826      |
| kld_rep_q0 | 870      |
| kld_rep_q1 | 841      |
| kld_rep_q2 | 777      |
| kld_rep_q3 | 819      |
| loss       | 24.2     |
| loss_q0    | 25.5     |
| loss_q1    | 24.7     |
| loss_q2    | 22.8     |
| loss_q3    | 24       |
| mse        | 0.0159   |
| mse_q0     | 0.0471   |
| mse_q1     | 0.0149   |
| mse_q2     | 0.00329  |
| mse_q3     | 0.00209  |
| samples    | 2.35e+04 |
| step       | 1.47e+03 |
-------------------------
-------------------------
| grad_norm  | 53.4     |
| kld_rep    | 1.02e+03 |
| kld_rep_q0 | 996      |
| kld_rep_q1 | 1.14e+03 |
| kld_rep_q2 | 848      |
| kld_rep_q3 | 1.06e+03 |
| loss       | 30.2     |
| loss_q0    | 29.5     |
| loss_q1    | 33.6     |
| loss_q2    | 25       |
| loss_q3    | 31.3     |
| mse        | 0.0173   |
| mse_q0     | 0.0507   |
| mse_q1     | 0.0128   |
| mse_q2     | 0.0031   |
| mse_q3     | 0.00175  |
| samples    | 2.37e+04 |
| step       | 1.48e+03 |
-------------------------
-------------------------
| grad_norm  | 40.1     |
| kld_rep    | 645      |
| kld_rep_q0 | 703      |
| kld_rep_q1 | 639      |
| kld_rep_q2 | 604      |
| kld_rep_q3 | 614      |
| loss       | 19.2     |
| loss_q0    | 20.9     |
| loss_q1    | 19       |
| loss_q2    | 18       |
| loss_q3    | 18.2     |
| mse        | 0.0221   |
| mse_q0     | 0.0566   |
| mse_q1     | 0.0137   |
| mse_q2     | 0.00408  |
| mse_q3     | 0.00159  |
| samples    | 2.39e+04 |
| step       | 1.49e+03 |
-------------------------
-------------------------
| grad_norm  | 51.4     |
| kld_rep    | 886      |
| kld_rep_q0 | 855      |
| kld_rep_q1 | 933      |
| kld_rep_q2 | 913      |
| kld_rep_q3 | 856      |
| loss       | 26.5     |
| loss_q0    | 25.6     |
| loss_q1    | 27.9     |
| loss_q2    | 27.3     |
| loss_q3    | 25.6     |
| mse        | 0.0196   |
| mse_q0     | 0.0512   |
| mse_q1     | 0.0136   |
| mse_q2     | 0.00404  |
| mse_q3     | 0.0019   |
| samples    | 2.4e+04  |
| step       | 1.5e+03  |
-------------------------
saving model 0...
saving model 0.9999...
-------------------------
| grad_norm  | 51.1     |
| kld_rep    | 1.03e+03 |
| kld_rep_q0 | 1.05e+03 |
| kld_rep_q1 | 1.08e+03 |
| kld_rep_q2 | 1e+03    |
| kld_rep_q3 | 1.01e+03 |
| loss       | 31       |
| loss_q0    | 31.5     |
| loss_q1    | 32.7     |
| loss_q2    | 30.3     |
| loss_q3    | 30.3     |
| mse        | 0.0154   |
| mse_q0     | 0.0443   |
| mse_q1     | 0.0168   |
| mse_q2     | 0.00346  |
| mse_q3     | 0.00194  |
| samples    | 2.42e+04 |
| step       | 1.51e+03 |
-------------------------
-------------------------
| grad_norm  | 54.2     |
| kld_rep    | 943      |
| kld_rep_q0 | 951      |
| kld_rep_q1 | 909      |
| kld_rep_q2 | 927      |
| kld_rep_q3 | 996      |
| loss       | 28.6     |
| loss_q0    | 28.9     |
| loss_q1    | 27.6     |
| loss_q2    | 28.1     |
| loss_q3    | 30.2     |
| mse        | 0.0219   |
| mse_q0     | 0.0555   |
| mse_q1     | 0.0139   |
| mse_q2     | 0.00321  |
| mse_q3     | 0.00181  |
| samples    | 2.43e+04 |
| step       | 1.52e+03 |
-------------------------
-------------------------
| grad_norm  | 57.7     |
| kld_rep    | 839      |
| kld_rep_q0 | 825      |
| kld_rep_q1 | 792      |
| kld_rep_q2 | 870      |
| kld_rep_q3 | 853      |
| loss       | 25.6     |
| loss_q0    | 25.2     |
| loss_q1    | 24.2     |
| loss_q2    | 26.5     |
| loss_q3    | 26       |
| mse        | 0.0154   |
| mse_q0     | 0.053    |
| mse_q1     | 0.014    |
| mse_q2     | 0.00355  |
| mse_q3     | 0.00179  |
| samples    | 2.45e+04 |
| step       | 1.53e+03 |
-------------------------
-------------------------
| grad_norm  | 57       |
| kld_rep    | 829      |
| kld_rep_q0 | 809      |
| kld_rep_q1 | 774      |
| kld_rep_q2 | 856      |
| kld_rep_q3 | 885      |
| loss       | 25.5     |
| loss_q0    | 24.9     |
| loss_q1    | 23.8     |
| loss_q2    | 26.3     |
| loss_q3    | 27.2     |
| mse        | 0.0142   |
| mse_q0     | 0.0351   |
| mse_q1     | 0.0159   |
| mse_q2     | 0.00308  |
| mse_q3     | 0.00188  |
| samples    | 2.47e+04 |
| step       | 1.54e+03 |
-------------------------
-------------------------
| grad_norm  | 50       |
| kld_rep    | 713      |
| kld_rep_q0 | 735      |
| kld_rep_q1 | 686      |
| kld_rep_q2 | 747      |
| kld_rep_q3 | 676      |
| loss       | 22.1     |
| loss_q0    | 22.8     |
| loss_q1    | 21.2     |
| loss_q2    | 23.1     |
| loss_q3    | 20.9     |
| mse        | 0.0152   |
| mse_q0     | 0.0438   |
| mse_q1     | 0.0144   |
| mse_q2     | 0.00362  |
| mse_q3     | 0.0018   |
| samples    | 2.48e+04 |
| step       | 1.55e+03 |
-------------------------
-------------------------
| grad_norm  | 48.8     |
| kld_rep    | 929      |
| kld_rep_q0 | 953      |
| kld_rep_q1 | 891      |
| kld_rep_q2 | 944      |
| kld_rep_q3 | 937      |
| loss       | 28.9     |
| loss_q0    | 29.7     |
| loss_q1    | 27.7     |
| loss_q2    | 29.4     |
| loss_q3    | 29.2     |
| mse        | 0.0186   |
| mse_q0     | 0.0498   |
| mse_q1     | 0.0137   |
| mse_q2     | 0.0027   |
| mse_q3     | 0.00229  |
| samples    | 2.5e+04  |
| step       | 1.56e+03 |
-------------------------
-------------------------
| grad_norm  | 62       |
| kld_rep    | 968      |
| kld_rep_q0 | 1.2e+03  |
| kld_rep_q1 | 870      |
| kld_rep_q2 | 1.01e+03 |
| kld_rep_q3 | 830      |
| loss       | 30.3     |
| loss_q0    | 37.7     |
| loss_q1    | 27.3     |
| loss_q2    | 31.5     |
| loss_q3    | 26       |
| mse        | 0.0173   |
| mse_q0     | 0.0531   |
| mse_q1     | 0.0143   |
| mse_q2     | 0.00371  |
| mse_q3     | 0.00196  |
| samples    | 2.51e+04 |
| step       | 1.57e+03 |
-------------------------
-------------------------
| grad_norm  | 50.6     |
| kld_rep    | 844      |
| kld_rep_q0 | 859      |
| kld_rep_q1 | 817      |
| kld_rep_q2 | 812      |
| kld_rep_q3 | 890      |
| loss       | 26.6     |
| loss_q0    | 27.1     |
| loss_q1    | 25.8     |
| loss_q2    | 25.6     |
| loss_q3    | 28       |
| mse        | 0.0207   |
| mse_q0     | 0.05     |
| mse_q1     | 0.0152   |
| mse_q2     | 0.00331  |
| mse_q3     | 0.00185  |
| samples    | 2.53e+04 |
| step       | 1.58e+03 |
-------------------------
-------------------------
| grad_norm  | 65.4     |
| kld_rep    | 1.29e+03 |
| kld_rep_q0 | 1.25e+03 |
| kld_rep_q1 | 1.24e+03 |
| kld_rep_q2 | 1.34e+03 |
| kld_rep_q3 | 1.32e+03 |
| loss       | 41       |
| loss_q0    | 39.8     |
| loss_q1    | 39.4     |
| loss_q2    | 42.5     |
| loss_q3    | 41.7     |
| mse        | 0.0161   |
| mse_q0     | 0.0525   |
| mse_q1     | 0.0128   |
| mse_q2     | 0.00324  |
| mse_q3     | 0.0018   |
| samples    | 2.55e+04 |
| step       | 1.59e+03 |
-------------------------
-------------------------
| grad_norm  | 52.6     |
| kld_rep    | 876      |
| kld_rep_q0 | 845      |
| kld_rep_q1 | 861      |
| kld_rep_q2 | 885      |
| kld_rep_q3 | 915      |
| loss       | 28       |
| loss_q0    | 27       |
| loss_q1    | 27.5     |
| loss_q2    | 28.3     |
| loss_q3    | 29.2     |
| mse        | 0.0171   |
| mse_q0     | 0.05     |
| mse_q1     | 0.0149   |
| mse_q2     | 0.00353  |
| mse_q3     | 0.00145  |
| samples    | 2.56e+04 |
| step       | 1.6e+03  |
-------------------------
-------------------------
| grad_norm  | 58.9     |
| kld_rep    | 864      |
| kld_rep_q0 | 891      |
| kld_rep_q1 | 794      |
| kld_rep_q2 | 802      |
| kld_rep_q3 | 986      |
| loss       | 27.7     |
| loss_q0    | 28.6     |
| loss_q1    | 25.5     |
| loss_q2    | 25.7     |
| loss_q3    | 31.6     |
| mse        | 0.0164   |
| mse_q0     | 0.043    |
| mse_q1     | 0.0151   |
| mse_q2     | 0.00277  |
| mse_q3     | 0.00189  |
| samples    | 2.58e+04 |
| step       | 1.61e+03 |
-------------------------
-------------------------
| grad_norm  | 50.7     |
| kld_rep    | 963      |
| kld_rep_q0 | 990      |
| kld_rep_q1 | 862      |
| kld_rep_q2 | 1.02e+03 |
| kld_rep_q3 | 968      |
| loss       | 31.1     |
| loss_q0    | 32.1     |
| loss_q1    | 27.9     |
| loss_q2    | 33.1     |
| loss_q3    | 31.3     |
| mse        | 0.0199   |
| mse_q0     | 0.0568   |
| mse_q1     | 0.0146   |
| mse_q2     | 0.00281  |
| mse_q3     | 0.00196  |
| samples    | 2.59e+04 |
| step       | 1.62e+03 |
-------------------------
-------------------------
| grad_norm  | 72.7     |
| kld_rep    | 1.08e+03 |
| kld_rep_q0 | 1.12e+03 |
| kld_rep_q1 | 988      |
| kld_rep_q2 | 1.24e+03 |
| kld_rep_q3 | 1.02e+03 |
| loss       | 35       |
| loss_q0    | 36.4     |
| loss_q1    | 32.1     |
| loss_q2    | 40.3     |
| loss_q3    | 33.2     |
| mse        | 0.0182   |
| mse_q0     | 0.0541   |
| mse_q1     | 0.013    |
| mse_q2     | 0.00313  |
| mse_q3     | 0.00202  |
| samples    | 2.61e+04 |
| step       | 1.63e+03 |
-------------------------
-------------------------
| grad_norm  | 70.8     |
| kld_rep    | 994      |
| kld_rep_q0 | 1.06e+03 |
| kld_rep_q1 | 1.06e+03 |
| kld_rep_q2 | 905      |
| kld_rep_q3 | 960      |
| loss       | 32.5     |
| loss_q0    | 34.6     |
| loss_q1    | 34.8     |
| loss_q2    | 29.6     |
| loss_q3    | 31.4     |
| mse        | 0.0176   |
| mse_q0     | 0.0489   |
| mse_q1     | 0.0146   |
| mse_q2     | 0.00308  |
| mse_q3     | 0.0018   |
| samples    | 2.63e+04 |
| step       | 1.64e+03 |
-------------------------
-------------------------
| grad_norm  | 69.9     |
| kld_rep    | 1.17e+03 |
| kld_rep_q0 | 1.22e+03 |
| kld_rep_q1 | 918      |
| kld_rep_q2 | 1.18e+03 |
| kld_rep_q3 | 1.38e+03 |
| loss       | 38.6     |
| loss_q0    | 40.3     |
| loss_q1    | 30.2     |
| loss_q2    | 39       |
| loss_q3    | 45.3     |
| mse        | 0.0152   |
| mse_q0     | 0.0488   |
| mse_q1     | 0.0138   |
| mse_q2     | 0.00355  |
| mse_q3     | 0.00184  |
| samples    | 2.64e+04 |
| step       | 1.65e+03 |
-------------------------
-------------------------
| grad_norm  | 54.1     |
| kld_rep    | 956      |
| kld_rep_q0 | 966      |
| kld_rep_q1 | 1.07e+03 |
| kld_rep_q2 | 715      |
| kld_rep_q3 | 1.03e+03 |
| loss       | 31.7     |
| loss_q0    | 32       |
| loss_q1    | 35.5     |
| loss_q2    | 23.7     |
| loss_q3    | 34.3     |
| mse        | 0.0198   |
| mse_q0     | 0.0512   |
| mse_q1     | 0.0147   |
| mse_q2     | 0.00348  |
| mse_q3     | 0.00212  |
| samples    | 2.66e+04 |
| step       | 1.66e+03 |
-------------------------
-------------------------
| grad_norm  | 46.6     |
| kld_rep    | 853      |
| kld_rep_q0 | 886      |
| kld_rep_q1 | 958      |
| kld_rep_q2 | 819      |
| kld_rep_q3 | 788      |
| loss       | 28.4     |
| loss_q0    | 29.5     |
| loss_q1    | 31.9     |
| loss_q2    | 27.3     |
| loss_q3    | 26.2     |
| mse        | 0.0146   |
| mse_q0     | 0.0429   |
| mse_q1     | 0.0164   |
| mse_q2     | 0.00328  |
| mse_q3     | 0.00182  |
| samples    | 2.67e+04 |
| step       | 1.67e+03 |
-------------------------
-------------------------
| grad_norm  | 75.6     |
| kld_rep    | 1.2e+03  |
| kld_rep_q0 | 1.16e+03 |
| kld_rep_q1 | 954      |
| kld_rep_q2 | 1.36e+03 |
| kld_rep_q3 | 1.32e+03 |
| loss       | 40.1     |
| loss_q0    | 38.8     |
| loss_q1    | 32       |
| loss_q2    | 45.6     |
| loss_q3    | 44.3     |
| mse        | 0.0186   |
| mse_q0     | 0.0478   |
| mse_q1     | 0.0147   |
| mse_q2     | 0.00246  |
| mse_q3     | 0.00138  |
| samples    | 2.69e+04 |
| step       | 1.68e+03 |
-------------------------
-------------------------
| grad_norm  | 47.7     |
| kld_rep    | 947      |
| kld_rep_q0 | 981      |
| kld_rep_q1 | 872      |
| kld_rep_q2 | 934      |
| kld_rep_q3 | 991      |
| loss       | 31.9     |
| loss_q0    | 33.1     |
| loss_q1    | 29.4     |
| loss_q2    | 31.5     |
| loss_q3    | 33.4     |
| mse        | 0.0181   |
| mse_q0     | 0.0543   |
| mse_q1     | 0.0125   |
| mse_q2     | 0.00349  |
| mse_q3     | 0.00202  |
| samples    | 2.71e+04 |
| step       | 1.69e+03 |
-------------------------
-------------------------
| grad_norm  | 68       |
| kld_rep    | 1.04e+03 |
| kld_rep_q0 | 1.07e+03 |
| kld_rep_q1 | 780      |
| kld_rep_q2 | 1.12e+03 |
| kld_rep_q3 | 1.11e+03 |
| loss       | 35.1     |
| loss_q0    | 36.2     |
| loss_q1    | 26.5     |
| loss_q2    | 37.8     |
| loss_q3    | 37.6     |
| mse        | 0.013    |
| mse_q0     | 0.0411   |
| mse_q1     | 0.015    |
| mse_q2     | 0.00298  |
| mse_q3     | 0.00177  |
| samples    | 2.72e+04 |
| step       | 1.7e+03  |
-------------------------
-------------------------
| grad_norm  | 62.7     |
| kld_rep    | 1.03e+03 |
| kld_rep_q0 | 1.02e+03 |
| kld_rep_q1 | 1.05e+03 |
| kld_rep_q2 | 998      |
| kld_rep_q3 | 1.07e+03 |
| loss       | 35.3     |
| loss_q0    | 34.8     |
| loss_q1    | 35.8     |
| loss_q2    | 34       |
| loss_q3    | 36.5     |
| mse        | 0.0205   |
| mse_q0     | 0.0599   |
| mse_q1     | 0.0171   |
| mse_q2     | 0.00377  |
| mse_q3     | 0.00173  |
| samples    | 2.74e+04 |
| step       | 1.71e+03 |
-------------------------
-------------------------
| grad_norm  | 57.5     |
| kld_rep    | 773      |
| kld_rep_q0 | 790      |
| kld_rep_q1 | 833      |
| kld_rep_q2 | 752      |
| kld_rep_q3 | 727      |
| loss       | 26.5     |
| loss_q0    | 27.1     |
| loss_q1    | 28.6     |
| loss_q2    | 25.8     |
| loss_q3    | 24.9     |
| mse        | 0.0158   |
| mse_q0     | 0.0428   |
| mse_q1     | 0.016    |
| mse_q2     | 0.00366  |
| mse_q3     | 0.00206  |
| samples    | 2.75e+04 |
| step       | 1.72e+03 |
-------------------------
srun: Job step aborted: Waiting up to 32 seconds for job step to finish.
[2026-03-05T20:24:06.111] error: *** STEP 10377083.0 ON gilbreth-h014 CANCELLED AT 2026-03-05T20:24:06 DUE TO TIME LIMIT ***
[2026-03-05T20:24:06.112] error: *** JOB 10377083 ON gilbreth-h014 CANCELLED AT 2026-03-05T20:24:06 DUE TO TIME LIMIT ***
